grouping 384 addresses in donation category
grouping 151 addresses in popular category
grouping 978 addresses in ransom category
updating 360 wallets in donation category
https://blockchain.info/multiaddr?active=121CEyDDEewZfp7mpFLd6WvfD9fcyWpwQe 200
https://blockchain.info/multiaddr?active=129aqQRs1dwws3bfPQ9YggKhRmPBPYNoCW|1GfhjK6kYnPjVPhSP3bS1xuYu7cpEYxU1c 200
https://blockchain.info/multiaddr?active=129aYgYwr9YNimdjjaRxVvWF4bcyUxv2Zg 200
https://blockchain.info/multiaddr?active=12AF3SaFGsqr13VbeqgJtu5CSFH48MVEmQ 200
https://blockchain.info/multiaddr?active=12anKCmnJoeY39UAtQ3Ur6uu89pX1VBjdg 200
https://blockchain.info/multiaddr?active=12AT7Y1V3EXbmxm81S7HwTKxYRNy1pBG8R 200
https://blockchain.info/multiaddr?active=12bL22Pynmp7pDtDqD2w9iP7dRzdM1gNUd 200
https://blockchain.info/multiaddr?active=12ctRXVVPAXQ6CQyEXkBhvi33K7kP4CMB5 200
https://blockchain.info/multiaddr?active=12ekC8f3ThkWRJYpEKYaa3vqYbtjHZy3PA 200
https://blockchain.info/multiaddr?active=12HdLgeeuA87t2JU8m4tbRo247Yj5u2TVP|3DRvga414QiT1MG6MbBSv5wzxCCqz7euAQ 200
https://blockchain.info/multiaddr?active=12JiynsQcfNLbeWnM7cdnYGo3axPXDcwCV 200
https://blockchain.info/multiaddr?active=12PsJxbTdSSU5bkmNfqQcNASFkKgXUia6k 200
https://blockchain.info/multiaddr?active=12uArTbz4JnEZZq5Yk5y7GvXPu6tdHTDaf 200
https://blockchain.info/multiaddr?active=12wnpFqYdg5SUngKHSEMUftt6CembCgwcW 200
https://blockchain.info/multiaddr?active=12wr6DRVYaNkBpfegzFPaepZxRDZ9QTyS8|1PxvgFcCg5iHV3yG4QqYjZey8T2kzmDLFP 200
https://blockchain.info/multiaddr?active=12X2n4FsjpXNpHNJYHxNRSup2SrCR5tdeR 200
https://blockchain.info/multiaddr?active=12y11u5DBXpQ8XM3g6o6Wc155S16maTWL6 200
https://blockchain.info/multiaddr?active=12YnJY2GHdyCw3LDsUiq39AXkDaM158EiD 200
https://blockchain.info/multiaddr?active=139ys2VPMLWrpqMRek2E8xe5c7Ui8CHnf7 200
https://blockchain.info/multiaddr?active=13B6mtWZXYUuoBT8sRGayQNvnWY8F7z2M2 200
https://blockchain.info/multiaddr?active=13dhfDmPEvMXCBs44rU6vCuTDK42rVoTtw 200
https://blockchain.info/multiaddr?active=13H2VmPrmoucaEgCCoimCPmPU9a7CaMyuw 200
https://blockchain.info/multiaddr?active=13jBRepJ4DSeNdWBGS2NwAEaGVyJU5MEyu 200
https://blockchain.info/multiaddr?active=13JszmQDACVvb6XxPwEb1TzzCyoooQ9WKH|1PQCrkzWweCw4huVLcDXttAZbSrrLbJ92L 200
https://blockchain.info/multiaddr?active=13m8dAb16KqWv7v9oEsr97mYMXbynR6CoD 200
https://blockchain.info/multiaddr?active=13QTW27b3SgqrEjefB9PbiZ6hcrVCJAxfx 200
https://blockchain.info/multiaddr?active=13RcqwggWi9VwcPCZ5BeScxZLWPtt3NVzf 200
https://blockchain.info/multiaddr?active=13rur4YRe5rePmvMdj3pxDMN4tMBL2BK2g|1C4YoKv9x1xDv21z15LzMKDZtJc6YpDiut 200
https://blockchain.info/multiaddr?active=13SjwsodtKsAhQwPx14s7aqKpnooeep4i5 200
https://blockchain.info/multiaddr?active=13tgjejUJ6NtQVX9HvKz8svdcuWPNwgr5T 200
https://blockchain.info/multiaddr?active=13uraL1Maba7obbhkdB4pjsqMyvqrcTeeD 200
https://blockchain.info/multiaddr?active=13vWVjrWNGpcq6XSS4BQQvHYgsLqevsKS4 200
https://blockchain.info/multiaddr?active=13z55AGS14pSPiPpMqAAFHb576tSmSmR77 200
https://blockchain.info/multiaddr?active=13Znd34smcQLzzzh1vr9t5PGWmjRZaHZ8p 200
https://blockchain.info/multiaddr?active=143wiPvBqDG5kUkxv58tj6dSgaKPu2PP7H 200
https://blockchain.info/multiaddr?active=14FHqYSgAi39CEJksUJJsK8JzJzyqFpLVk|14Tr4HaKkKuC1Lmpr2YMAuYVZRWqAdRTcr 200
https://blockchain.info/multiaddr?active=14gZTuHA4xa4gJQBubn5fj3b4D4QHEDdwY 200
https://blockchain.info/multiaddr?active=14LcSTvUvo8brqqgwXsgA7VpcFWLAevVmU 200
https://blockchain.info/multiaddr?active=14nwg8VujSJAEpp798piRUYU25gApkWuoS 200
https://blockchain.info/multiaddr?active=14rDamyE53BNLPSj4cku6ZXiW6xbBdMJ97 200
https://blockchain.info/multiaddr?active=14s299LGRmSX5dxtcuY4gqUgn2tW3nCz8m 200
https://blockchain.info/multiaddr?active=14SFeny1LRs2udUPBCwR9FRYpNAYGd9JJi 200
https://blockchain.info/multiaddr?active=14TYdpodQQDKVgvUUcpaMzjJwhQ4KYsipa 200
https://blockchain.info/multiaddr?active=14xEPWuHC3ybPMfv8iTZZ29UCLTUSoJ8HL|1HesYJSP1QqcyPEjnQ9vzBL1wujruNGe7R 200
https://blockchain.info/multiaddr?active=14Z1mazY4HfysZyMaKudFr63EwHqQT2njz 200
https://blockchain.info/multiaddr?active=157i5gK7iN4bNAN39Ahuoiq6Tx5TaQukTE 200
https://blockchain.info/multiaddr?active=157WZSD1bDyJNWVQrKqaf5oF343q9Dscuf 200
https://blockchain.info/multiaddr?active=15bPd9YSB3kpuAFFz2tBZh39A3XdnN5UoX 200
https://blockchain.info/multiaddr?active=15iixdysEi6em55RDcWotE33cfRo9Ug5GN 200
https://blockchain.info/multiaddr?active=15J7hFh7xVYyVtMnuotZgxzhDFDQa71w3a 200
https://blockchain.info/multiaddr?active=15jwVv3y215iygkrVQuBXpQxRbKEkTJrAF 200
https://blockchain.info/multiaddr?active=15KCE1xCGjhcDojjEpMhUA8L6JMdiNGTHy 200
https://blockchain.info/multiaddr?active=15Mcm8ogeeGmsfhN4Y4zXF3nUgyuFMs9Kz 200
https://blockchain.info/multiaddr?active=15oWEoG9dUPovwmUL9KWAnYRtNJEkP1u1b 200
https://blockchain.info/multiaddr?active=15TUpE7Qtehxzrx2gMdE6jbHdQa42Edk4G 200
https://blockchain.info/multiaddr?active=15u8aAPK4jJ5N8wpWJ5gutAyyeHtKX5i18 200
https://blockchain.info/multiaddr?active=15xrSpmhP4WriZhbpx5o6udpVw76TPsmWX 200
https://blockchain.info/multiaddr?active=15ZwRLnrfFxT9SzQTrKA5TKBQ6HM4Y4Pha 200
https://blockchain.info/multiaddr?active=166yC48RakrZdtsBj36vY9q29CpzknHbxY 200
https://blockchain.info/multiaddr?active=16ArwQDYoSX2WufRpDjLeoUDHebqt48cft 200
https://blockchain.info/multiaddr?active=16bLvD2Vzmn2LGXvgyb42RC6jYZZ68uA7v 200
https://blockchain.info/multiaddr?active=16cv6gTgN2U8DfKxAg7m4pDhChxQPvqJoK 200
https://blockchain.info/multiaddr?active=16DEzKc9fX4XfgGzEvQUJmoYeUrbRNXqxe 200
https://blockchain.info/multiaddr?active=16eqgTLEoAqBFLxF5NDUMx8C82eeAmLq56 200
https://blockchain.info/multiaddr?active=16JvgYjyTNxgJsc2NS3tTrM8QE7721Fzrn 200
https://blockchain.info/multiaddr?active=16KaCJB7fVuT6hvA7wzgzVjAnHz28bNvvh 200
https://blockchain.info/multiaddr?active=16oZXSGAcDrSbZeBnSu84w5UWwbLtZsBms 200
https://blockchain.info/multiaddr?active=16Q4vogXj1KhtkgpTpoBri2dBTmLA88pge|1ALzEGMCU5EmycJZVCpAymXEaUVkV3V2cp 200
https://blockchain.info/multiaddr?active=16SpZqw8bPxvot929rjXJJi4N31QSpF1Zs 200
https://blockchain.info/multiaddr?active=16Sy8mvjyNgCRYS14m1Rtca3UfrFPzz9eJ 200
https://blockchain.info/multiaddr?active=16xTfttqg6DbvkAGpPvWWpEhEC4e1fCG7G 200
https://blockchain.info/multiaddr?active=1794BjDc9Q7GED4DW7MYWkM5fEhMc7U6zU 200
https://blockchain.info/multiaddr?active=17aDRzRQK8ccBLVBzsms3ZasVKc9q3o3Qk 200
https://blockchain.info/multiaddr?active=17gN64BPHtxi4mEM3qWrxdwhieUvRq8R2r|1Archive1n2C579dMsAu3iC6tWzuQJz8dN 200
https://blockchain.info/multiaddr?active=17j2g7vpgHhLuXhN4bueZFCvdxxieyRVWd 200
https://blockchain.info/multiaddr?active=17mcFB7Xyymd9hxp2bgNPz1ruWsdoPoCnZ 200
https://blockchain.info/multiaddr?active=17RTTUAiiPqUTKtEggJPec8RxLMi2n9EZ9 200
https://blockchain.info/multiaddr?active=17vdUoaz2yaSdtZwxGYxX7fFxcHw5FfPdt 200
https://blockchain.info/multiaddr?active=17VMak2Y8sdjK8NTk7ppFmFaVxSVD9ZgaL 200
https://blockchain.info/multiaddr?active=187rmNSkSvehgcKpBunre6a5wA5hQQop6W 200
https://blockchain.info/multiaddr?active=188m4SS6z4yUSETwRcfTARopSXZTyhM2Yc 200
https://blockchain.info/multiaddr?active=18Dzeb3tkxFWWLk528XcxrHFRznyJ4dkZs 200
https://blockchain.info/multiaddr?active=18fautnkHdkHBPBRvjL3Sd87KgH8mNebLc|19txDGtqYQkSGqEPDjBD9BcCQvih1tYkZn 200
https://blockchain.info/multiaddr?active=18fyEQXaZQgCbNoE5Qjs6W7Pnqc9Yp4PQD 200
https://blockchain.info/multiaddr?active=18ix3ikc51sKTwmfho5fjmfqe2miJBQR2c 200
https://blockchain.info/multiaddr?active=18S8ugWEuWLbMP9DBpBdDk9SN6CiRxZB8S 200
https://blockchain.info/multiaddr?active=18tuJSMNt7jcrUpqrbncH3jEPdUPxdHaq 200
https://blockchain.info/multiaddr?active=18w5k5nJtAjR55aYhDViS4hkiJTMWBf2sa 200
https://blockchain.info/multiaddr?active=1946W6LDsEYF9B5sPYDKfwLw6YBZuHns4L 200
https://blockchain.info/multiaddr?active=1966U1pjj15tLxPXZ19U48c99EJDkdXeqb 200
https://blockchain.info/multiaddr?active=1969VR2qCchXMW94tpcYirbVLUfFw4Pw7b 200
https://blockchain.info/multiaddr?active=19b62wRL6hGEWa1bLbkdjaiWvZm1C56XuL 200
https://blockchain.info/multiaddr?active=19cdh1jEpRCGGZuLTszYzBGpnQr8xKsgF4 200
https://blockchain.info/multiaddr?active=19einSRGCpsVQgs3g8ERJ3nvPH42anCVXD|1Fd8RuZqJNG4v56rPD1v6rgYptwnHeJRWs 200
https://blockchain.info/multiaddr?active=19FT4KE44EWvG3RetnMdVgG13BZ1MyicJt 200
https://blockchain.info/multiaddr?active=19HcFgnnJseANJAHUjFifVwz68AGYrHc7v 200
https://blockchain.info/multiaddr?active=19m7Q8rb7tNy7TtbuUBvEmkHjcX7jQc2gn 200
https://blockchain.info/multiaddr?active=19tvjv1sqBgnUWqijZDvfoub6ZzZkC3M6x 200
https://blockchain.info/multiaddr?active=19y5GzcpMyfYLpYCtKQ9Po9UjYJGoGG28c|1GvVpDGM426bHp2eXwHzwDNqv8g2xyfznJ|1hX1PFASwcShnB7VyGpfbdBK8LbhGD7dt|1N5sJeuxCCtG8mXxhgHD3H7W5FWTHK3H21 200
https://blockchain.info/multiaddr?active=19Y65w18A6pz1oJWWPuGN5bzxnQc5L3wbj 200
https://blockchain.info/multiaddr?active=19yHss6kekHJz6rfttyGjUVaLztKcVTHhq 200
https://blockchain.info/multiaddr?active=1A1zP1eP5QGefi2DMPTfTL5SLmv7DivfNa 200
https://blockchain.info/multiaddr?active=1A2LsrF81rWEEJ7qnXdkCUJpdCYUxqfQoP 200
https://blockchain.info/multiaddr?active=1A6JqrAjw22L4SDqBcjxfv6V8yqo4aPWsg 200
https://blockchain.info/multiaddr?active=1AciGmhugrPACEgojGGBByMd3J4PX9ZbuU 200
https://blockchain.info/multiaddr?active=1AGriCoCBRbgca61ZJrqgVt78HJ94QXNcg 200
https://blockchain.info/multiaddr?active=1AhN6rPdrMuKBGFDKR1k9A8SCLYaNgXhty 200
https://blockchain.info/multiaddr?active=1AjBcNSvnZsn3ESAH491hUbBrwM4Jmcuy9 200
https://blockchain.info/multiaddr?active=1AKDDsfTh8uY4X3ppy1m7jw1fVMBSMkzjP 200
https://blockchain.info/multiaddr?active=1AkZUyVHtVsU6ZmAu1iSDhYiXbqFgKqzbt 200
https://blockchain.info/multiaddr?active=1AmgrZLGhqaYtMGb1tauRuM22HFkXyM8np 200
https://blockchain.info/multiaddr?active=1andreas3batLhQa2FawWjeyjCqyBzypd 200
https://blockchain.info/multiaddr?active=1AoiAwTQbUvHNQQ55gCXAw3SLqRVs6ZtW1 200
https://blockchain.info/multiaddr?active=1Aosc1wUGx9s4h42sPKbHXzGJHKt8LijZp 200
https://blockchain.info/multiaddr?active=1ArmoryXcfq7TnCSuZa9fQjRYwJ4bkRKfv 200
https://blockchain.info/multiaddr?active=1arwXjxMNrvsGXBDNwYuUQAsr7Uu8r3gz 200
https://blockchain.info/multiaddr?active=1AS3TiTqgJZK6CfNfqcbPXSx4PTFvfghvF 200
https://blockchain.info/multiaddr?active=1Asaaki1CtV8zAUMwrnPviM7oLFmWUQ3cQ 200
https://blockchain.info/multiaddr?active=1ASnTs4UjXKR8tHnLi9yG42n42hbFYV2um 200
https://blockchain.info/multiaddr?active=1AuzS9Ldzc4Fr4ESNGqsEYE1ekcZehjK7d 200
https://blockchain.info/multiaddr?active=1AxVkdQLzWmKyj5ANgeXFxDgAAmnapWsV4 200
https://blockchain.info/multiaddr?active=1Az9K6WJrFXkjopNtsdLWKzCsehiAoNsux 200
https://blockchain.info/multiaddr?active=1B5MeKpzXybQ2dVHNhthwSofTpY8W6bK4W 200
https://blockchain.info/multiaddr?active=1BboU9QH4kcNeDqdr7xBUZ4GrFgfhNaVBd 200
https://blockchain.info/multiaddr?active=1BD6NtvzKgNwZHqwYh78oq1oq6q7nhLdpq 200
https://blockchain.info/multiaddr?active=1Beer1BofaGENk8HmCjD4BhuLGPv4aoN5i 200
https://blockchain.info/multiaddr?active=1Bitcoin8EkKE37ZvypYs3nkGdwEoi77KN 200
https://blockchain.info/multiaddr?active=1BitHopez9FH4Jj185b4y1gz5L2g3sTQHT 200
https://blockchain.info/multiaddr?active=1BnJERBvSSDCqskpFqjStZSwJ8jxcfBtZV 200
https://blockchain.info/multiaddr?active=1BNTMBoTbAKfLtwCZrMb7XNPyroY9aVnYt 200
https://blockchain.info/multiaddr?active=1BPdWwovytfGdBwUDVgqbMZ8omcPQzshpX|3AtDiRUiyDHTSALRxsEZ7yqmB7piwaowaY 200
https://blockchain.info/multiaddr?active=1BrBtEHhwP8L5xqNscqrPSVvBjuVhMEDGD 200
https://blockchain.info/multiaddr?active=1BRMLAB7nryYgFGrG8x9SYaokb8r2ZwAsX 200
https://blockchain.info/multiaddr?active=1btc4e23uAfMWZNxNGbrzMUxA5SnVZn2T 200
https://blockchain.info/multiaddr?active=1btcBGEUfRrns4pCX43NjAcVXUua2KCu4 200
https://blockchain.info/multiaddr?active=1BTCorgHwCg6u2YSAWKgS17qUad6kHmtQW 200
https://blockchain.info/multiaddr?active=1BteW1uy7zNXMNqhFdvFafbJLd1HcHVPLx 200
https://blockchain.info/multiaddr?active=1BtjAzWGLyAavUkbw3QsyzzNDKdtPXk95D 200
https://blockchain.info/multiaddr?active=1BUYoKt644Dc3ZpTRvZy4TEedEr1KKQcA1 200
https://blockchain.info/multiaddr?active=1Bv8dN7pemC5N3urfMDdAFReibefrBqCaK 200
https://blockchain.info/multiaddr?active=1BvBMSEYstWetqTFn5Au4m4GFg7xJaNVN2 200
https://blockchain.info/multiaddr?active=1BvBWxyw2kpRMkZKJ4gAqqi9q5aWPo9hJP 200
https://blockchain.info/multiaddr?active=1BVxNn3T12veSK6DgqwU4Hdn7QHcDDRag7 200
https://blockchain.info/multiaddr?active=1BwXUekP4sFiR7kcqBxWrCYXU8ZAWQRbFK 200
https://blockchain.info/multiaddr?active=1BxG2ynUJrmHA6tsVkzKRaLHqoub8A5noB 200
https://blockchain.info/multiaddr?active=1CdiX7YCBJhTUUUrfRDZZTUGCxGRy83kXt 200
https://blockchain.info/multiaddr?active=1CgA8NopgG1Sg5rrsBkDo8LcT7wT6r7Z3T 200
https://blockchain.info/multiaddr?active=1CNCRB3sQzgm4GmS9d5y2NLuBVn3dRYW1R 200
https://blockchain.info/multiaddr?active=1CNyuBDVjy9EaFrsBEHBLAxpiyW3jeww8D 200
https://blockchain.info/multiaddr?active=1CoiNdAncefGNqyMJtFFjBrdUFnP1nwqLQ 200
https://blockchain.info/multiaddr?active=1CPKAMtD4bcLrh8SRHfSxBBMmQQ5cqahPZ 200
https://blockchain.info/multiaddr?active=1CrKWKmoPTeS3ypDeJ1Creji8KPdFcLqn4 200
https://blockchain.info/multiaddr?active=1CvgfZCz9Scw3711zU1SN59Q8rvas3FgU1 200
https://blockchain.info/multiaddr?active=1CWHWkTWaq1K5hevimJia3cyinQsrgXUvg 200
https://blockchain.info/multiaddr?active=1D1pTHEjRiGg1UEZxZRj46yMjapxhc6PZp 200
https://blockchain.info/multiaddr?active=1DCDC1r1QAQLXyzZGELfoKTvCkfas2BrV 200
https://blockchain.info/multiaddr?active=1DeBD3rM3MPDS6ZU6ojTsw57BPwXDB2oGK 200
https://blockchain.info/multiaddr?active=1DhiGZoPMWW2L46Cr5RZoZUCsKTB6bab6a 200
https://blockchain.info/multiaddr?active=1DhNogiveWuLvhhhjBq5BYozS1kaYHE2ZX 200
https://blockchain.info/multiaddr?active=1DjkcdQgkpa3obWPTnbxk7gcsW6qS7h7ni 200
https://blockchain.info/multiaddr?active=1Dokuw1Ki8dGk4p2hAWZv4TwGj8Ax1Vcqz 200
https://blockchain.info/multiaddr?active=1DonatemDfMvQsLweYxPyA29rdgsXsxEc7 200
https://blockchain.info/multiaddr?active=1DonateWffyhwAjskoEwXt83pHZxhLTr8H 200
https://blockchain.info/multiaddr?active=1DPyPn5bkrxjFPmZWx6uGJpi8FJFr55833 200
https://blockchain.info/multiaddr?active=1DsQmTzYYn2roViiNQ24ZDFBez5at7dBeh 200
https://blockchain.info/multiaddr?active=1DST3gm6JthxhuoNKFqXrdpzPFfz1WgHpW|bc1q27wp4frlsckghy3vgdjg4rnlsxztxca0f2r4a7 200
https://blockchain.info/multiaddr?active=1DUNaNdUaQPXweTMUmd1ma3KjLKFiDcxXk 200
https://blockchain.info/multiaddr?active=1DVipMAKrZgtmVVcQfPG3qWkAEB2NPW3Nf 200
https://blockchain.info/multiaddr?active=1DWepSWJ7YQjDk6BTbihV7ggmj6sWbtqae 200
https://blockchain.info/multiaddr?active=1DxMLAfqSShMJnDfELYn82a9h5LYNwNyaT 200
https://blockchain.info/multiaddr?active=1E1igiusfEjs1pCaGjEERExE9gYcrFwow7 200
https://blockchain.info/multiaddr?active=1E5EK2KXn2jtDW8ABswjsju6jyq9XgmwrA 200
https://blockchain.info/multiaddr?active=1E6HchBMX1EfiJQhSUanuF4VYKk552tEHF 200
https://blockchain.info/multiaddr?active=1EAw3RnaALKiES8Ap93SwwDx4fsoY12wzF 200
https://blockchain.info/multiaddr?active=1Em92wfJvyhfeMsPMRjqnV36Rucsq63h38 200
https://blockchain.info/multiaddr?active=1EQoqrJ6HjwzN2JiCowFWqD66YX4S6Xxvt 200
https://blockchain.info/multiaddr?active=1EsdAZZ9WyQ6JvMpauFQri4kNc2xmuuhqq 200
https://blockchain.info/multiaddr?active=1ESKsNEfjmCZJt3yEYjdE31L1QKqnRVcmn 200
https://blockchain.info/multiaddr?active=1EUshGGz6KdsRJioozqFmn4FHQk4z3Ggxg 200
https://blockchain.info/multiaddr?active=1EVKwdLo4d5G3GJ2Xghi1s7XXxG5H6dZ5F 200
https://blockchain.info/multiaddr?active=1EwtTKJaXAtctSFqCQKU3LiCg9dqYPEkxN 200
https://blockchain.info/multiaddr?active=1EXfBqvLTyFbL6Dr5CG1fjxNKEPSezg7yF 200
https://blockchain.info/multiaddr?active=1EXPLoRERNujCmxxGTABk88bzE1BnwdeAu|bc1qwalletexptkgprq56sjegeag8vf6xq37wqy7v5 200
https://blockchain.info/multiaddr?active=1F1dPZxdxVVigpGdsafnZ3cFBdMGDADFDe 200
https://blockchain.info/multiaddr?active=1F4Ka3nHH3Ef1P2f66AwLEqwHo6J9wFHKC 200
https://blockchain.info/multiaddr?active=1F5JyCiyYWp9QSkEnLR76WdHUnFEmXqDZv 200
https://blockchain.info/multiaddr?active=1F7jqTihu4aGavq561vQzjDBDpfHsnyZs3 200
https://blockchain.info/multiaddr?active=1F9iT5J7PHNFp93yYq8EtjKpYC8WxcWe6Q 200
https://blockchain.info/multiaddr?active=1FABHACKq4emwb1FN9d9cfNCK8nyMC8gad 200
https://blockchain.info/multiaddr?active=1fakk2uakbGyz9M3bADeYXDSRzX4aBFyG 200
https://blockchain.info/multiaddr?active=1FANHwPbfvb5NMKJKkCv9ujm5rHKBUjWUy 200
https://blockchain.info/multiaddr?active=1faucetVPwoLCLU7kvGaanLGcbuprkFi3 200
https://blockchain.info/multiaddr?active=1FDvHeJYDYHMEufbmMyFQtCbAi4ej7T5Ru 200
https://blockchain.info/multiaddr?active=1FfcjP9jYCKi6chcdzXGAdtaJ5WSwRcYSY 200
https://blockchain.info/multiaddr?active=1FinaerYEkMvCw2isEGFb9G2jSaGP328bD 200
https://blockchain.info/multiaddr?active=1FJy7Wxrcmja5pK4YB7ccW6ygW7mK4X24A 200
https://blockchain.info/multiaddr?active=1FMHxhVJo6RREtfaLDVMA1VvoKV1jc12av 200
https://blockchain.info/multiaddr?active=1FRQ2PgEPjTWAM6AzEL7zgoNQkTFjQS4tv 200
https://blockchain.info/multiaddr?active=1FSwKeATQN6Ja2kbWJf1B2XF7v4JPjKhMu 200
https://blockchain.info/multiaddr?active=1FVUWTZiXuDBQWpMqgE725LGTyf5RhHs5a 200
https://blockchain.info/multiaddr?active=1G3c7ruLcjA6KPPesPbHZUvnX8e9NUTsPZ 200
https://blockchain.info/multiaddr?active=1G5Tjyznf4hmWoStygje9h2u1Y7rFBjtmS 200
https://blockchain.info/multiaddr?active=1G65KRrVxRw4FM8bHuiBia2CqChTeEHWuS 200
https://blockchain.info/multiaddr?active=1GATA3hUsxq3DmAhpACBHvB4r7u32xBRur 200
https://blockchain.info/multiaddr?active=1geeki6uL3Mq8xLMAkneT7Axjw1DR7VQC 200
https://blockchain.info/multiaddr?active=1GH48QgSFhce5z8kXxwHfWLr7jgRSANraV 200
https://blockchain.info/multiaddr?active=1Gka8G1Lf7uBicayMTjscahpAh2Hk8hEoJ 200
https://blockchain.info/multiaddr?active=1GKnevUnVaQM2pQieMyeHkpr8DXfkpfAtL 200
https://blockchain.info/multiaddr?active=1GkuNNLyXaNy25owYxYTcuDvzCogvg8Srs 200
https://blockchain.info/multiaddr?active=1GovHK2U5cdErx1u4GQLX8MpYhmRZnFg75|1MQVYyHAEE3S4iGCPUS6Kx3FYABconWBV6 200
https://blockchain.info/multiaddr?active=1Gpa3NKn8nR9ipXPZbwkjYxqZX3cmz7q97 200
https://blockchain.info/multiaddr?active=1Gr6sVuvQqqFMh2doMYYpEdGAtVbtfBw9B 200
https://blockchain.info/multiaddr?active=1GRJ6119tmKDUfr8HWR4VaYrvJ6oKns9jp 200
https://blockchain.info/multiaddr?active=1GwtZF9QFKWNqCRHLx1Y9adGcrhQSUnNfY 200
https://blockchain.info/multiaddr?active=1GwV7fPX97hmavc6iNrUZUogmjpLPrPFoE 200
https://blockchain.info/multiaddr?active=1H14UUyCguVSJHbrAmXLS3Fk1BhGmqQB8b 200
https://blockchain.info/multiaddr?active=1H63WEQbK45K3xgC7DRfphMWMJMZHrX542 200
https://blockchain.info/multiaddr?active=1H9b5XiLeMnXzfxysqKJf9tn6ysWSH5TCT 200
https://blockchain.info/multiaddr?active=1HB5XMLmzFVj8ALj6mfBsbifRoD4miY36v|1MaXZE92yjuy4NYjTspmdWHMRT3jQUcTf4|3MY25Sdo8XG5CUt5Kjw3DrZwaX3P5jVwud 200
https://blockchain.info/multiaddr?active=1HCMw4nJMT9C6aXaE4EFUb4UbYLg9qpGqw 200
https://blockchain.info/multiaddr?active=1HDPXVhXLb445n54w5jcDXby9R4FGXPg5M 200
https://blockchain.info/multiaddr?active=1HeLbQaRRkRne2yoFj3mu9zoSRty3eeoPD 200
https://blockchain.info/multiaddr?active=1HkJCceXf7of1sTNRVJbXiZHfDTLL71Siy 200
https://blockchain.info/multiaddr?active=1HLiqbMiZYAUB8SxVRP7KFeERR6GDpdU7N 200
https://blockchain.info/multiaddr?active=1HQnoCPd676XHP2XdWyYuRER66gnsktNr7 200
https://blockchain.info/multiaddr?active=1HsCdq5NZz71TEvb5rekYAsZsDjRyJKE2w 200
https://blockchain.info/multiaddr?active=1HUCBSJeHnkhzrVKVjaVmWg2QtZS1mdfaz 200
https://blockchain.info/multiaddr?active=1HUrNJfVFwQkbuMXwiPxSQcpyr3ktn1wc9 200
https://blockchain.info/multiaddr?active=1Hw8G2MTQNiMgURQPvSYwVqRiuidfCuW88 200
https://blockchain.info/multiaddr?active=1iJrUKjj57WoUHqBVMTzpK5z1XZxq2jed 200
https://blockchain.info/multiaddr?active=1istendqWJ1mKvrdRUQZDL2F3tVDDyKdj 200
https://blockchain.info/multiaddr?active=1J2W6fK4oSgd6s1jYr2qv5WL8rtXpGRXfP 200
https://blockchain.info/multiaddr?active=1J3pt9koWJZTo2jarg98RL89iJqff9Kobp 200
https://blockchain.info/multiaddr?active=1J6Vbpuotu1jXcyi1tWV3ymRucUoNxwmTn 200
https://blockchain.info/multiaddr?active=1J6xJ4Z4wNXw7yGDQSVjHGjLtg3iLpMraM 200
https://blockchain.info/multiaddr?active=1JDtLCrPABsWVAnmx1M3ZxbCTzEAueSiFy 200
https://blockchain.info/multiaddr?active=1JoyZBGXKdSSeTpLHMLGTSLUDKbLLjWqjt 200
https://blockchain.info/multiaddr?active=1JrY2sCDAQuRPdqshZFxfiuQ32Uexmc6so 200
https://blockchain.info/multiaddr?active=1JYYWLaFthqk2L59MXahkkQmaYmPz3hWVT 200
https://blockchain.info/multiaddr?active=1K5LzPQeVNWP1VkRTD8DHvxcNyD4CRs1xp 200
https://blockchain.info/multiaddr?active=1KBnd3WPabibBXKjArxW3yM2tBeeLgjWYQ 200
https://blockchain.info/multiaddr?active=1KCdkqp1DE6wMWqN4rbv9vWp6wfVk6AeCX 200
https://blockchain.info/multiaddr?active=1Kj7V3CYk4TzmE5cgYR7UVbejgFVRbqSwu 200
https://blockchain.info/multiaddr?active=1KjkVqQp9rYB5GnaUPgWxeSMzJ3ydGZNK 200
https://blockchain.info/multiaddr?active=1KJokeJXBt2u5WcKQ2QMqH6erz8VszDPmi 200
https://blockchain.info/multiaddr?active=1KLhvgi9exzvea7fr1CNdHroDC28SkkvEL 200
https://blockchain.info/multiaddr?active=1KNowBiT5wKF3q6dosBr6BR2JMjCpPasK8 200
https://blockchain.info/multiaddr?active=1kqHKEYYC8CQPxyV53nCju4Lk2ufpQqA2 200
https://blockchain.info/multiaddr?active=1KrPPM8VTyLTzjf7goCnHgj11QJZvtSRvY 200
https://blockchain.info/multiaddr?active=1KSUpxwAudJLnpJtqaCzYaGE9Yy1RQDhKR 200
https://blockchain.info/multiaddr?active=1KUnb8ivujnmrvW8qdtFMs3uUHcVVSuLtj 200
https://blockchain.info/multiaddr?active=1KVWBvFofAe9pxAvyzxD7d8WpgmWi6AYTD 200
https://blockchain.info/multiaddr?active=1LBCPotwPzBvBcTtd7ADGzCWPXXsZE19j6 200
https://blockchain.info/multiaddr?active=1Lfzs4EQBtjqQyARfxW1vH5JMRaz7tVCir|1LSRaoUMHe6W7SZaPwdW5KffRKmyqGrDWN 200
https://blockchain.info/multiaddr?active=1LifeboatVPg24QghZ73Dzrx8AxcJLCnoA 200
https://blockchain.info/multiaddr?active=1LK1UUMLNoMfbLd56ySavpZ96tTZHHSZds 200
https://blockchain.info/multiaddr?active=1LLFyRqHopLAf9RrxwtpUGbqSQ7QgrbkGY 200
https://blockchain.info/multiaddr?active=1LP3UcXPeL2U1juGwLSfQJdqPeXUZpwsBq 200
https://blockchain.info/multiaddr?active=1LukukDPYyJQdDryapKrrknSjw3NL3brmm 200
https://blockchain.info/multiaddr?active=1LwSugK8X8kRpV3sex9f8KTjVPc52FPaEq 200
https://blockchain.info/multiaddr?active=1LxowEgsquZ3UPZ68wHf8v2MDZw82dVmAE 200
https://blockchain.info/multiaddr?active=1LyRb2kPUgCcf4pSvicbbLiwqhYpq1mWFu 200
https://blockchain.info/multiaddr?active=1M72Sfpbz1BPpXFHz9m3CdqATR44Jvaydd|38ccq12hPFoiSksxUdr6SQ5VosyjY7s9AU 200
https://blockchain.info/multiaddr?active=1M87hiTAa49enJKVeT9gzLjYmJoYh9V98 200
https://blockchain.info/multiaddr?active=1MCwBbhNGp5hRm5rC1Aims2YFRe2SXPYKt 200
https://blockchain.info/multiaddr?active=1Me2iXTJ91FYZhrGvaGaRDCBtnZ4KdxCug 200
https://blockchain.info/multiaddr?active=1MEWT2SGbqtz6mPCgFcnea8XmWV5Z4Wc6 200
https://blockchain.info/multiaddr?active=1MgD6rah5zUgEGYZnNmdpnXMaDR3itKYzU 200
https://blockchain.info/multiaddr?active=1MikiMikimiiBKLk7jarESDotS4LGvCsPF 200
https://blockchain.info/multiaddr?active=1MjCgW5E36mCYYsDrAUKzcxattcW4Bwi1X 200
https://blockchain.info/multiaddr?active=1MLxhUkM9NcpQMqGTvECaQ4q5vmvJ77rYj 200
https://blockchain.info/multiaddr?active=1MnCMV9DyVdDZWMfjymbLDKv48UKhoXHEz|1xxAmZpucCWBS4yJ3c9YW73UKkaqu4daG 200
https://blockchain.info/multiaddr?active=1MWFScGTmzqjmrsThrLquFe8tv3kdHyp8o 200
https://blockchain.info/multiaddr?active=1MyjFRRGkpA9RCAbroFmXoYxg1k2PmyQCs 200
https://blockchain.info/multiaddr?active=1MyZjxnLgun6APrDkkh7ffrQJyy6xbuDho 200
https://blockchain.info/multiaddr?active=1N1WivuXZaHYtBrTMLkUwwctGriyxSh8Nz 200
https://blockchain.info/multiaddr?active=1N2grfxVvabVRQ5ZpfbjRC1G2HSwREERAx 200
https://blockchain.info/multiaddr?active=1N3KMn3LghhU671Es8uRcfr8xvdxtba15q 200
https://blockchain.info/multiaddr?active=1N65efiNUhH6sEQg7Z6oUC76kJS9Yhevyf 200
https://blockchain.info/multiaddr?active=1N9DPbpKyeXNppELMx7QBhJRxDtFvHqsLH 200
https://blockchain.info/multiaddr?active=1NB1xDyiSigYNL5gaNXANvP6bYmHr77N1Q 200
https://blockchain.info/multiaddr?active=1NDZD7PBjbr4TXiWw5eQDeqz1vtLyrdMqG 200
https://blockchain.info/multiaddr?active=1NFDrKXQT5tQnfrXjj84UupTtCJEaYGG7K 200
https://blockchain.info/multiaddr?active=1NGBYHnYYM1i4HZkLsoRy3oFB2DzqusCoU 200
https://blockchain.info/multiaddr?active=1NgiUwkhYVYMy3eoMC9dHcvdHejGxcuaWm 200
https://blockchain.info/multiaddr?active=1NiMbzxiomH1XnQjUpG8hkTjcZUFKkAgrw 200
https://blockchain.info/multiaddr?active=1NiNja1bUmhSoTXozBRBEtR8LeF9TGbZBN 200
https://blockchain.info/multiaddr?active=1NmduGNyC5XejoysbuioodCN3jR3yf64xM 200
https://blockchain.info/multiaddr?active=1NSwywA5Dvuyw89sfs3oLPvLiDNGf48cPD 200
https://blockchain.info/multiaddr?active=1Nu17Zts5WFjgWexW3mMxrbzZy5phmWtQ4 200
https://blockchain.info/multiaddr?active=1NVMCeoBfTAJQ1qwX2Dx1C8zkcRCQWwHBq 200
https://blockchain.info/multiaddr?active=1NxRxasGJTzUifTbcvbxoReWC1s48sP9Nr 200
https://blockchain.info/multiaddr?active=1NZUad77HN5KwHCmQGZGN1VpCyrqXYSpYK 200
https://blockchain.info/multiaddr?active=1P7yFQAC3EmpvsB7K9s6bKPvXEP1LPoQnY 200
https://blockchain.info/multiaddr?active=1PAt5oKQGBRigFDY6fB2WgQTtQJNzFyTDr 200
https://blockchain.info/multiaddr?active=1PC9aZC4hNX2rmmrt7uHTfYAS3hRbph4UN 200
https://blockchain.info/multiaddr?active=1PEoUKNxTZsc5rFSQvQjeTVwDE9vEDCRWm 200
https://blockchain.info/multiaddr?active=1PFH8NPWu2g6TdRQsirTPGpbnPBhkzQMvM 200
https://blockchain.info/multiaddr?active=1Pjg628vjMLBvADrPHsthtzKiryM2y46DG 200
https://blockchain.info/multiaddr?active=1PJrWFMVipCtLZX296zi8fP3iWuPQu2gz3 200
https://blockchain.info/multiaddr?active=1PMNXoZqw5HD7jbZeTxYymSj4yinAkS6PR 200
https://blockchain.info/multiaddr?active=1PMPKn2iHWeRrDNrVDBeZV35s4NK5vdnzx 200
https://blockchain.info/multiaddr?active=1PMthSVXGdsRfQQEnHAkz4A9LUVwczczqt 200
https://blockchain.info/multiaddr?active=1Ppifg52gpydbPshDyYo4mwWFNbTdCaMZe 200
https://blockchain.info/multiaddr?active=1PPVupRRz7tHvfvJWEDBnDr7bFVFFYLu6G 200
https://blockchain.info/multiaddr?active=1PPVzjfPZece9mwJKdPB5Kbhv4JiSemFCu 200
https://blockchain.info/multiaddr?active=1Ps3BFGkqAMJ11AfvLE4725fghfSKA9M6Z 200
https://blockchain.info/multiaddr?active=1PT78metKnSkYKxdsAQD35c6ShXPwATX6V 200
https://blockchain.info/multiaddr?active=1Pug3dAjqXYUkYkjppHjQyZia2xgM79YZV 200
https://blockchain.info/multiaddr?active=1Pv9rZMNfy9hsW19eQhNGs22gY9sf6twjW 200
https://blockchain.info/multiaddr?active=1PWiRE16PJsEuax2Yr7EuK93q3ueDB58AE 200
https://blockchain.info/multiaddr?active=1Q1Vh8Mfr2yNeDogtJWNLMZCdxteCwbueE 200
https://blockchain.info/multiaddr?active=1QATWksNFGeUJCWBrN4g6hGM178Lovm7Wh 200
https://blockchain.info/multiaddr?active=1QBDLYTDFHHZAABYSKGKPWKLSXZWCCJQBX 200
https://blockchain.info/multiaddr?active=1QEgRqvF3sVqzpqb95B7TgZg8Km8grTeRk 200
https://blockchain.info/multiaddr?active=1RainRzqJtJxHTngafpCejDLfYq2y4KBc 200
https://blockchain.info/multiaddr?active=1RarriahM6peQCGCnTXhDeLYQ7Bgq579m 200
https://blockchain.info/multiaddr?active=1RebootFT6KHEEGRxZuTxjQvTi22vPz4r 200
https://blockchain.info/multiaddr?active=1Ross5Np5doy4ajF9iGXzgKaC2Q3Pwwxv 200
https://blockchain.info/multiaddr?active=1sewesoHPpnc43wJndLQaRU9V6Y4TWkyh 200
https://blockchain.info/multiaddr?active=1snowqQP5VmZgU47i5AWwz9fsgHQg94Fa|3C6qQDSRZVahLm5JryiF2zQFTeKzNQPfnH 200
https://blockchain.info/multiaddr?active=1SoMGuYknDgyYypJPVVKE2teHBN4HDAh3 200
https://blockchain.info/multiaddr?active=1Stackh8FGpMphHHjAtUuzDGk8wDYk8fn 200
https://blockchain.info/multiaddr?active=1STAToshiScchY69P37xouKEJgi5G1rsf 200
https://blockchain.info/multiaddr?active=1StatsgBq3C8PbF1SJw487MEUHhZahyvR 200
https://blockchain.info/multiaddr?active=1STRonGxnFTeJiA7pgyneKknR29AwBM77 200
https://blockchain.info/multiaddr?active=1TBLoBWpg4N2H5oPo7XEsdj3EXaMK5U1k 200
https://blockchain.info/multiaddr?active=1Tro113yruFzZVECjjQMuQeMVtitDLwyM 200
https://blockchain.info/multiaddr?active=1trosVaFXcjY5Efo2eW4ENFakp3RFsNxw 200
https://blockchain.info/multiaddr?active=1wdociqV3xXf8AnEeoPR2jzvVpk1ptH9N 200
https://blockchain.info/multiaddr?active=1wiki2XrnbicYg4XzrASXJ5pdyNrvPXP4 200
https://blockchain.info/multiaddr?active=1xJnCpz9Bggb7H5vZdG27FgAHUDavzfpU 200
https://blockchain.info/multiaddr?active=1yRoep8gzQZeyTjVSTeUij51TiM37ViiX 200
https://blockchain.info/multiaddr?active=1ZnortsoStC1zSTXbW6CUtkvqew8czMMG 200
https://blockchain.info/multiaddr?active=32oirLEzZRhi33RCXDF9WHJjEb8RsrSss3 200
https://blockchain.info/multiaddr?active=35QEobWVUKjMY2HwKATYYQXRGzXJvdXQCy 200
https://blockchain.info/multiaddr?active=35w5N6YBWgr1Y1Qj9YoY3amo7zCbXLEJsA 200
https://blockchain.info/multiaddr?active=36XjDEvaBw1vVZkEZsPvba7GiTjcasUjjt 200
https://blockchain.info/multiaddr?active=37D5w79vNXjTMdRHdnvj26xxXnfJUtS4WX 200
https://blockchain.info/multiaddr?active=39AqCMaBw4nzNxQrPsqYeaNrCC2msrFu6Y 200
https://blockchain.info/multiaddr?active=39XFme16GP2FMi2TCStZ2ciNNqe19jwDJb 200
https://blockchain.info/multiaddr?active=3Au8ZodNHPei7MQiSVAWb7NB2yqsb48GW4 200
https://blockchain.info/multiaddr?active=3B19wMMJD7Xjf9ajW2oRcfVfKjRprWmGrG 200
https://blockchain.info/multiaddr?active=3Beer3irc1vgs76ENA4coqsEQpGZeM5CTd 200
https://blockchain.info/multiaddr?active=3BZojxm9q8uGWvvsudLCmqfBhtT7ceeSQk 200
https://blockchain.info/multiaddr?active=3CMc52oegWqorFsBRcakUGHkZEQMfLP43s 200
https://blockchain.info/multiaddr?active=3CMCRgEm8HVz3DrWaCCid3vAANE42jcEv9 200
https://blockchain.info/multiaddr?active=3E8PAAC5HLjnxSgwheYib9jkiAYMB1A4Lt 200
https://blockchain.info/multiaddr?active=3EowKLZ7Gf86BrHad7XXNpFk8jfXBeNPuF 200
https://blockchain.info/multiaddr?active=3EZ8tgzdBYQz2eanQkHvQUTEH8R3MR2n4E 200
https://blockchain.info/multiaddr?active=3FkenCiXpSLqD8L79intRNXUgjRoH9sjXa 200
https://blockchain.info/multiaddr?active=3GqFGkBzgJ74jLLx5xWz2d9fabb9U2P8kL 200
https://blockchain.info/multiaddr?active=3GzHcpsHKe2ZrQp2H3ifHKp2s9rSu5iHxf 200
https://blockchain.info/multiaddr?active=3JCEgrkkGaad6euMA1sa8MVDFFnDUo3G9U 200
https://blockchain.info/multiaddr?active=3L9YApEmcGTKKaFmZuRcGPGQuz3bsVjNvW 200
https://blockchain.info/multiaddr?active=3LnBzPmb3BkDUZBHLHdEj5vgxS6D6HjKLW 200
https://blockchain.info/multiaddr?active=3Mrdyvm4Dnc4Dii4xDpEtbTsQTEUbZiQQs 200
https://blockchain.info/multiaddr?active=3NPGpNyLLmVKCEcuipBs7G4KpQJoJXjDGe 200
https://blockchain.info/multiaddr?active=3P3QsMVK89JBNqZQv5zMAKG8FK3kJM4rjt 200
https://blockchain.info/multiaddr?active=3P7FQKLN8NEFARNeEqA2mbgTHAhBGuXsCW 200
updating 34 wallets in popular category
https://blockchain.info/multiaddr?active=1234mNnAPb8YnCsbacaNhB4BqwxB4U4321 200
https://blockchain.info/multiaddr?active=129TQVAroeehD9fZpzK51NdZGQT4TqifbG 200
https://blockchain.info/multiaddr?active=12KkeeRkiNS13GMbg7zos9KRn9ggvZtZgx|12T4oSNd4t9ty9fodgNd47TWhK35pAxDYN|13ahgw8sM95EDbugT3tdb8TYoMU46Uw7PX|13dXFMyG22EsUsvaWhCqUo7SXuX7rBPog6|13sXfpp2V16nnxYvW9FHHoBdMa3k98uJw8|13vDT7wwWgq5YX3NH1ikakk9JoXjib6XZY|13Wv5hGhubAWgSPWtXYh6s1s7HX2N1psYg|13xGCc4TPSYY9GYxBGVNox82KxyjkFnxMX|1439q4Na8v88kPBqoyg8F4ueL9SYr8ANWj|14mP6caC5dFhHdVAPCjPKM8Nm36MBDR5pM|14p4w3TRCd6NMRSnzTmgdvQhNnbrAmzXmy|14USZ558Rr28AZwdJQyciSQkN4JT1cEoj2|155FsTtEFq4eGCcBxDseuwLKPbmtWbyHJR|156HpsWfgkWYLT63uhTAGUSUF3ZMnB9WWj|15kNZcrhxeFZgVVLK2Yjzd69tRidbFdJEZ|15QcKCa84ZCHxbsqXDoKhi5XbmQB8jPEAd|15SeCwVCFx5cWyrcdD1Zp1D1zxjH2SELPg|15U4VsmWG1cdXAtizvQsW4r7iMxzp64Tgu|16jZZkMYqjUWUtQ9DfDvHdH5ko5BcnH9XQ|16qPMTJVMEALWPqm2dq6nHHdfUJkWqb14o|16W4XcUAKPmSES9MiUCio28msSCp8rDZgs|16w6sZBDP58yyeyZAcvnxcEGJpwR9amM6g|17etv2L3nhk6SCcWSNW4eoZkBy84izAm17|17KcBp8g76Ue8pywgjta4q8Ds6wK4bEKp7|17Tf4bVQaCzwWrDWGRPC97RLCHnU4LY8Qr|18hcZVFPqDNAovJmb9vA6hEJrDz6uWXNGh|18KDS3q6a4YV9Nn8jcyMvNoVPfcrfemeag|18M1Z337NqLtK9V69bssnQUYsvb7hmfSFS|18ok25NTkdrUzdByFJCNVsqVYkujZ8aP45|18YDgRhxsomuBZ1g9d8Y1JuRmxDhF8Bvff|195HvmjXgoF3M5vFaBC8swZPhwrE7VhxRD|199Yxz2TJGtND3QKsHTptTJivqSaUZBvku|19c8sUa54yQuRTVDfJa3iDkkCaFkzBJLPB|19Cr4zXpKw43xLJhFZW9iv4DDNtQk2TDeB|19eihBKk6e5YD2QXAe4SVUsxRLLnTDKsfv|19KiFrafXEyJCUDYFEv3B6tBUwyfFo7kNU|1Aqvv8gMNR99PPWjHCPi8FoHKPykWJGiBQ|1Ar6meJQCkNoC9wnPcyRNNpzX5fBDaGcKd|1Ay1YC2ZTBjAVPRQtJPCiYEMZE3VYqg5zA|1AZu7TQmKBAes2duNDctYwjAB9nhHczUnA|1B6kJM75iu5ty1HAHMMz6tT1HhjoGNTCa9|1BDZBTb4KE5oq6wAgA6EvAe3uCFRrAbPao|1Bh64f7rPjE174g7LsmEwttoCy8PydEC49|1BXyJc6BVuTFnHQCcjiWX2xmCPNVfaSZeb|1BzK87zuqidZn489Wb2oLSktrjKrX7TLKe|1C5aU4Xnpd3txbxehk46UZgiuNB8QdpHCH|1CRjKZJu8LvTutnSKq4zTJ4yiqrzMAArYW|1CZsoJfkknbnW5fKrt1oR7N1ALE5WmDGP1|1DedUxzgwErg4ipNi988wPgLk5thwciKcc|1Dkiy6NJCYoyi2aTtefxVMGL8yqpg2TLX4|1Drshi4RAuvxk4T6Bkq959ZvLbvy7b1wvD|1EiiKCCnFgHjEvPZdu29qqgdBm8zTvpU3U|1EK8vW7UYaYHKiW4TZmYJKtwcZLM14VjvP|1FhRuUkk8Bfx8FJDemtxhKAR4F8GCNKrXG|1FrV9hv1AW34BGJvobJatyzUWYDWB9epRW|1Fu4YgM3Y9CxvioGPqkSzkydAC8MVaPN1D|1G23Uzwj55k2A9TRwaTknqGav66oDTkWCu|1GkZQcDy8V6pmHFZqUBUBCnN9dc2hoWasD|1GyDutntMuYyA2vQGW5HFcKLfx4cbDdbJq|1H4K3dGfNbAN4AUfyUrpkGpjrd83sntDpV|1Hb8DmmvvtTYv5RBLuGtDxznkZwVpd5Vjy|1HdKXsNQtzDcfB6PGM7DWTgX9vhBWsz1ak|1Hm6XDmhKCHz68wDEYTapN9MEanke8iwUk|1HuPVqz2xvf1rdNFUqd62vRTyxP3jeX9Ch|1HweN9p41BY2RBunsPqyVuheEq7gVoxA9u|1HX4s3JeFU3x1eQgPNQVAdx6FoCtbb1hr8|1HzEPuenagLEWj68igDXBBXrzc293RuR5V|1JtgU6Uo1RAt5eiMf34EehyatUezBQP36C|1JVmoJT3471FjsX5H4hAeR1RyrDgpkHbpm|1JVU43LNKXqa9W5fCh8tppxDDEWgfeNg46|1JztCg7eKSkb1vi7NzGJynXpLZmoaFtYud|1KFDUSZuapMv7YaDmL6cyrHTQhma1MtFYs|1LLc8aA9C9LLULGbYCYSFKXgxKP2DXdCqP|1LNWw6yCxkUmkhArb2Nf2MPw6vG7u5WG7q|1LS5EFRRMDgMQusW6zokQUHjzNUfy6HHCQ|1LueUjEuBgc7cQhsWT8zAfTjcWmrNBZXaR|1LXi3x7hyt17cxncscGE887WCrC6XDNZ4P|1LzwbLgdKd4eFLkpRdeajkH1YJkVCip2zj|1MkyfwJf7uhWTmVGGQXfcT5ip31DoHMxsz|1Mm9brripN4RPTzkGnRrbt5uDWdqbfk2iX|1MPJJzRaT8vLhowNB4dVyWRxxu79dq7WkB|1MvpYtqgBH7CXbTutrSVCTNHPzm9vakuRy|1N5X4kcZ56uRh24XrZoztS9Vb8G7j1Joop|1NA3Tj4b1jtx9eGELe31Jw4DrzTqKP3ayH|1Pq7hooZbEAz5y3QMnqFY8C5xqTdrjUwcA|1PRXQEoL8vzEzoJJ9hbtAP6NaV2daccAUn|1PxGTuJzDx1ceFHx4Z5CHaWuhiPBNovmZD 200
https://blockchain.info/multiaddr?active=13Lwo1hK5smoBpFWxmqeKSL52EvN8U7asX 200
https://blockchain.info/multiaddr?active=14nRKoXJAUpKYYbzw6Yrqh9gW2p26zerpW 200
https://blockchain.info/multiaddr?active=14NWDXkQwcGN1Pd9fboL8npVynD5SfyJAE 200
https://blockchain.info/multiaddr?active=14rE7Jqy4a6P27qWCCsngkUfBxtevZhPHB|18PsQyJqCLZN15T59JKrtiio1x57bRdFHw|19hK8YqPZN9zhThN6kxBSqoPeapoiJbY19|1DkyBEKt5S2GDtv7aQw6rQepAvnsRyHoYM|1FQgZUT2uWiraUXYkKfETGrrmWjqjHfmub|1Hhckdfu1m61wx8B1MbKH14W1WUP34dTn6 200
https://blockchain.info/multiaddr?active=15ArtCgi3wmpQAAfYx4riaFmo4prJA4VsK|15VjRaDX9zpbA8LVnbrCAFzrVzN7ixHNsC|1KmeFEHqAH3gC42gB3BtQadd1LWxnaFmNs 200
https://blockchain.info/multiaddr?active=16ga2uqnF1NqpAuQeeg7sTCAdtDUwDyJav 200
https://blockchain.info/multiaddr?active=16XEzVyc34nYSQxsAjUmgY78qdAHBBKCy4 200
https://blockchain.info/multiaddr?active=17Pa8QMdxxbuzZjWiwmfjMZLXb1tAUrUM7|1LDCRDhNBiTaurUmJKqRef3cGpWLWfEpFk 200
https://blockchain.info/multiaddr?active=1A8JiWcwvpY7tAopUkSnGuEYHmzGYfZPiq 200
https://blockchain.info/multiaddr?active=1a8LDh3qtCdMFAgRXzMrdvB8w1EG4h1Xi 200
https://blockchain.info/multiaddr?active=1BaEJquitskdXcTj53Uy6PuUtJ5a8ETWpA|32PhPkQj1MhepxYvTuhjw3oyavTHVzbMJn|32XzqQTZnQinBV4ePdRWzFqGHXi3qutzNd|33TjySUDNHpARPdbLfXFnuby2j99ocppPt|34qjnBRsAtb659YkK7JwwLndKGyuCifSm1|34VHebdh8fg2DJsqS9fihJPNbgC4osVYiM|35FbEZ8X1iKv2sMPdNzjT6wVZBYFXH11up|35GiqqBMPWusH72ZEoFjoJLn7K6b4Bujbu|38TTmGYirw247uytpnHvgN3NqcZuzLzcxh|39juUJdRg4D5cWZ1R6ek4QogMeYUHbJtTT|3BBbzZQVTKGh3NDTcAA68jsuCSuC7ME3dJ|3Bzvn84pjvNhFt5wKAhnqD4RyhS67W63gw|3CewN4QiD4FAjwESh4qyYLY3cbRgStTWzD|3D4UeF86caZoLDxKtahq75Ja3C4UkWts1H|3DNNG1H49SqTzefSfAg75WFMfsw6CYgnqe|3DR56quCtsCEBQAuRwyXiPqHANZzMRqFKB|3FgjBiN18npJKhFnUHiuWdcdCFvuexj6dy|3FyjoCJezH6qE16oP3sWnjj5qtTARXsKPY|3KPEgB1gkm54kHqjgxFdpomwkMuCbRQAFG|3LpYnFYFjTdGhbTqPYW3acNkbMNukNUtDL|3MwrAyzpM4Yg1W2D1hXAb4ifZujWfJF9vh|3QknVDNnav76NYoVkx8SCtiu6BLPuyEkDc 200
https://blockchain.info/multiaddr?active=1BitcoinEaterAddressDontSendf59kuE 200
https://blockchain.info/multiaddr?active=1BTC24yVKQdQNAa4vX71xLUC5A8Za7Rr71|1vrFK3JbzX3F2XRmejE675C4JZTTgf4on 200
https://blockchain.info/multiaddr?active=1BYsmmrrfTQ1qm7KcrSLxnX7SaKQREPYFP 200
https://blockchain.info/multiaddr?active=1CDysWzQ5Z4hMLhsj4AKAEFwrgXRC8DqRN 200
https://blockchain.info/multiaddr?active=1ECM1W1ZWtWDvTm3yWYWJA9mKn4Dwaaz1o 200
https://blockchain.info/multiaddr?active=1Ez69SnzzmePmZX3WpEzMKTrcBF2gpNQ55 200
https://blockchain.info/multiaddr?active=1F1tAaz5x1HUXrCNLbtMDqcw6o5GNn4xqX|1FfmbHfnpaZjKFvyi1okTjJJusN455paPH 200
https://blockchain.info/multiaddr?active=1FA2GvT219G7ho8JcT6huFw6pmVdpTZwad 200
https://blockchain.info/multiaddr?active=1FrtkNXastDoMAaorowys27AKQERxgmZjY 200
https://blockchain.info/multiaddr?active=1GBwk2YJMDFqSVhTKygH8zUwV7jdoJhHHH 200
https://blockchain.info/multiaddr?active=1Gu4VHM17SGHBN748k4ohNKy8BegySzyUF 200
https://blockchain.info/multiaddr?active=1JryTePceSiWVpoNBU8SbwiT7J4ghzijzW 200
https://blockchain.info/multiaddr?active=1JwSSubhmg6iPtRjtyqhUYYH7bZg3Lfy1T 200
https://blockchain.info/multiaddr?active=1KAt6STtisWMMVo5XGdos9P7DBNNsFfjx7 200
https://blockchain.info/multiaddr?active=1KRGyNbq2yM1vAXscib74Snp6AUuUHVi2g 200
https://blockchain.info/multiaddr?active=1L2JsXHPMYuAa9ugvHGLwkdstCPUDemNCf 200
https://blockchain.info/multiaddr?active=1Nbm3JoDpwS4HRw9WmHaKGAzaeSKXoQ6Ej 200
https://blockchain.info/multiaddr?active=1Noq7kDYi4zk4ar5jjvYbqiDzAo33GqYjA 200
https://blockchain.info/multiaddr?active=1woukheyeacxfpxtpkxjqxureevdkbywj 200
https://blockchain.info/multiaddr?active=1XPTgDRhN8RFnzniWCddobD9iKZatrvH4 200
updating 139 wallets in ransom category
https://blockchain.info/multiaddr?active=112PxfMQds51WdAh3FCRXChS6kVXqw2qfM|124H2inWtxd1aFvPsFN3gDB2nFuEDbX11S|12SRjvqFo8MeZVc2UE9C8JQxkqsASRN9G5|13eqoBzsnvYL4Q4uEjYdgvxXRA3yzp9DVM|14h4Zrd1xVg6Mj3JcYApoi2wY2UXue2ETb|14Sfnn3jveSPvZgHcpG7c15m58sM4KeAqD|16m1NSpabAD1FJdfDc5oBYN5swX1DCDKo2|17mNEsTU6Gmqxf2a2oMv1Ue7gAWi28ief5|17mS1NbtDmrmwaomLFG7dQt2w2oDmnaXhc|17SSsp1q9NAMPDkgbQbUkAMYQZV8hgCsia|17YYbFvjutzWFvbkm8mkCRy53gXniwu38g|18PEMazZ34wBGVxkvw4GqARhRxJjTKGVR5|18wkt91RjWRH3pqokfdvoMxUgyS7KHmJuj|19ccw2te91ztpjnpWuQNkTcGgniktBLRum|19e1VbMwBPHyppF78BHXEkKo4cJc5udbut|19FcBPi7q36zNp9unfGWURVUMtMiSqn2cf|19zfbrhYeFVDcCrDsdpKj3WGCD6KvJbzt7|1AYS5sCGJ6U2zgS89rpAug2DdLYogoSGjB|1CB5oeQ5cSPhdQWcRnd9pNm7jSSqqEMBXu|1CdWXJeyNt5L14kUJDWPBHVFUpDjsQqEig|1CwTj63YAfmJa7t2RFwfByjbvBhaCmwfJF|1D3h6oUtRW36CZWp5cvKb8uQJuR2jZ4bNB|1ED7uLJZWbQ7TSHEqLFQrQhUtkXjReCdDP|1Edm4cKtkw8brihC1GL9fbqEcfixBRnCpw|1GxaDPhN6BZtdJLaerKACCs192YcXiEPv8|1HxN8i1dNX1ngUWFUM7rBsEfGoCWNgxD9Z|1ioneizgqnUKyec62roYYrkLkpvhmAKsh|1JMb25PvkjnFaTxmzXU93Le1ZdbhJe2JVn|1Kh6xPwFsL7mTLSx8R8d2Kgu6WRhWH3Hqa|1LW3j8EJtur3wUBkA47Bs3cFD9FKwijiht|1N2GSugUiQ9bgG94YFhexLqdEXrLZ9CQXa|1NCgEAK5zoDx6xcFauE6UM8B3Q8QkbVrc|1T1Ez8umTevsRCihp6FPhwNdrnUT4bpZZ|375rxyR39sH7nanwV37CrAZCaisXtXh777|37762eEWdPaQKguMMaH5XGtjzgLzTXohfq|3JR5Ez6hLHzveoRNpWi49u5XAEHkyTCLM4|3MxFfngoJg1LkurYx6z3GvyNSYG1hoKR9r|3NePzRpuYMRhxE6nW5jrr25PZkzTyTgZm2 200
https://blockchain.info/multiaddr?active=115p7UMMngoj1pMvkpHijcRdfJNXj6LrLn|12t9YDPgwueZ9NyMgw519p7AA8isjr6SMw|13AM4VW2dhxYgXeQepoHkHSQuy6NgaEb94|15nzzRpAsbgd1mmoqQRtiXxN49f4LcmTh4|15zGqZCTcys6eCjDkE3DypCjXi6QWRV6V1|18ucAGbkgCkU61F6yPMD19dZRUBBHyDGRV|1LWYDssccuL7v85BM35v4b9WbQoskChHX5|1M9sgF4zhpusQA82rtTbrcZGKD5oBrSW5t|1QAc9S5EmycqjzzWDc1yiWzr9jJLC8sLiY 200
https://blockchain.info/multiaddr?active=11VPFiYvuRnXHAu3jXN1sR6fZ99rDCyYF|12A3LeamHMYju4uRjSF9wtt2jxszeXHNUr|12EZXgWGw4z7rBBF7Yi1LbbNxBNwJLHYDy|12prcfL9ieRfa9hvieyi3kEo3FxXbVL7Ui|12PuFy3jmgW1evDAZ2Sk4HNbAHJLgv1yna|12qjcazpg2PzcPmoBGdHVVkZLua32uDELv|12SN1phXKQ1VfctkVn4sMLgoj7foDV7aKn|12wjkKCQ47yrn2p28sEW19Qom8JrTZA7Cq|12XJY6CrBGQHtnX7TMamcKmxf267xmLtSt|12yeRsGktM8A4CVzPhgTH4eZiQ9PCjzQUi|12yEuzhjtsCFoWxEJ8r6UJs1gSsmqZjFkK|12ziVv4aQkZTA1gj86Y9uYQByG4CcdVcTA|1324eobaiGag2ZArRaAZ5nhUEBDz2sMaiR|134MibK9qdfhHmh8RekivxEaqC7iFAtxiY|135qVXXBZb3v2tQcLJRA8UAndiUYNybh3J|13a79bDdQeGf7e7uDY7heahWZ4Fygn4Mvb|13DAd45ARMJW6th1cBuY1FwB9beVSzW77R|13GywnuwhYuzPzUSfCt9U6bnR8UZVi6DmD|13K8BAB2RVJD8VpAUvLHPuyJYRqkZG5wDA|13PbBqHocq4i49GMHB3u6zC5xegR5sZTrT|13PmaFMuxWAxk3K3PaeKsLUYyDQMw9S2VW|13qbbuvs8iAw6Yy1ruDRtpirP9cwsRAYJ7|13XJTz61kHo7KRjm211syWBAMwxyVBJuhU|144zJWG11VBvWF71hp8Uii4N9ZsWPKgf5J|146zC4tYCu8vd5JaMBQ7Xe4nHXGB1aJFJo|14AfKXHWdYYJPrMqs57jNfsthCtySxPWAg|14azqqRzJYQroT8i8rM68UZjrKoRvbmBnQ|14bXUoPwruptLamUfKTuMW39Qy1q4ohX9w|14cNnzSFoiccKzGVfB4N3ybzZha1mZ9eY6|14DPUyUjMLtr299t56WgFgbe81Su9R3Kkv|14JDez3qeXXphBBswJ4HqRkEotVkDFgJqJ|14JhxoxMNYiYVAWuvKzktEhQF8wGj6H7EQ|14JyZDe8gsiwFaxzuPvqcssrmTznXRfvVd|14KFW4XDK9PJznCwKKk1c2LQ5wUrE9NwCj|14MnuJ59yCzND1VpvSmjacKY57DESoWXZr|14N2SvknAMPV278Vh7mRgAdLVFhP5F1HgZ|14pzehHK2hWwBwFXrbgDKZY962jPNT8SZG|14tmtY69mKAwtnpGqpwf287aZAsWWRh7cg|14VjJWoyUWxT7ZXPvMKq7GqRxMbC6iXpLR|14VkQAck7LzstAQXDXvEYiVEJh3bLxYNDF|14YjcRmUSE4u7dyLZP9VBykkjhbJvLHsFA|152M7AFc1vwiVCinrZhvK2eeSqELMYCUF7|153j1FcUBe4LKd194idQho3tscFSeuYmRC|154RVhdkvZxPTzwD2RvHF3Fr9JYzJyNBXW|15bB6L3xKjj6XUQHU81YdcJfjZXB7cjr6B|15dsgei76sEmPhinYvDmJeARL6UWxC3Hzj|15GktcZva2hPyuA1Xs4s7nThK1dtDaCs3d|15ht6y8hkg8sxB9nK5E8mZU3N9zXxZb4eC|15nDNexiEMEcAqk6b34HQjk9dPYEuUXu7M|15paMN8iiTYKrZ5i1ofiQbPLtjNjRLG3Xq|15qanskDb3vfEMNMBhbgq9Puqbu5KWSRoS|15zFk6GwnnrnPJBwgRG7tkMSGwjVRJ9zfs|15ZHnf1MPn6ybb8yUeAoCQ1AJtiKhg3NrP|167VWeYPJVk7TECxNNg2HV9fy9haGnokQi|16ADoxqriiJ9VyW9ktHrjS63iKvi7bEorf|16bSHuP1Tzyy1aD8vGAKy4LtkZca1WTsee|16fx9qCTEY37pQGEaxtzocPW2qviRtPrTY|16KeibUDmLMDQhydE77na1W8dWQLcQiqDi|16mh7nA4XCCto4Urw72U8bji2aQqFmsYXC|16mSKDsGJvC97zQKC3e5fL9UuJsjuCvgkB|16qoaEd2eZf8sESX6Jdv6staY6CLNV6Jtd|16RKJgtr5jgbhvQTwY6x1fpgd1RVjdUqwS|16v8UMRYwbeGxnjutVJAs5rzMHezGNkE5y|16Y8xWzVeuTvkanAUYFa9LESpxxd7Lg4g7|17dokpM1EXmDNeecsCH5XSkY9RN4XN7yUy|17jawJyuyt8zHW1a52giH8pwvsfBB3zJHk|17mx6pEfULVyeiLFh4pNYZeUx5PpJgTH3r|17MxhoKkiKxBbYV4QWh8nx8P6h2kJE5CWg|17nnBDksMSxRRbdy9xmbA34UojQHo6rV29|17qmq25HPoXyygS61VruXVVRsB6DrGt6G8|17Sz8XbwkSQX9hmfxP4izCfkta9BbuvEwE|17Ts9Gh7wChtyF7bZqpLSx51FpJdPsWbRb|17vzpL7n29egdeJF1hvUE4tKV81MqsW4wF|17waoUgThuc8XFp5ir9pM9Cf5ySsZZi9h5|17XHRucfd4kx3W5ty7ySLGiKHqmPUUdpus|183jyCK1qfeV8ErpY66a6YR2o9Gen5ZtKg|1866sqhTQAmPbMbruzzwYNXCGTtE2dKqo4|18fiue5oYCyAHZTFXcFrug5H6RH8p3EbPP|18j3xgseq45rUFJFvDWCw47aufvSxdyG6i|18kdAAkePnsrSMm9GHA5LVwY7EwfsCCBgB|18mdaP4pqXZjNLSSfDYi9mtznVjXGysYbt|18PBEVv79bmQcTiQyLLtZrvxLGRm5hQfFn|18QGMXBte2fVodcq9xCwvPWiBEd98LwHwS|18VVZg232JksDhr4kAenzDoNJnr2oCUqEG|18wpqLATNEc8bhSaUtF5AoTHWngRX16Dnz|18WvuzehXKaJzV8wYMBYgcHvUotR8btY4q|19A1YpxArfWcrcisGUYTowN4LKTL2GUeDQ|19C4W3M3rkc8xbYaqTjXhiiKeXfGzqE43f|19C7MLjqAWwKvR1bD7V1B9gxuDKZCuw59i|19D67Tgb3neJiTHd8pZDEBYmUn2qSjxEeB|19f9RnPvgEh1LriNWF2YbVyugZtRHXA5Pv|19hAcjxPPvUnKzASLtf7FNg4NZTtNGSymD|19NL9QxGA5Xj5YauuPLnKkWjYs3JmikSQt|19qL8vdRtk5xJcGNVk3WruuSyitVfSAy7f|19SywxRwsxVoy1b6DomEgiowon9bseDbsZ|19tYJfLuWE5Wewx4TnirM8CurvtQgebjiE|19UntyQi5XWq8Vn4dXVyd9j5nvTQ1n4ako|19UUVGDJvjUzn4tpJiBtKXxhK5DibBcVcJ|19zuNm5XapZ3tkGgqaZqLGSgmUFkto2vKe|1A2VXNJbUzUCgsoFXLL3mbq8hhk2h8bhdm|1A7JLwHXi7tvpsvKvoLZvTCYhtSNFqxGcT|1aAG389QPP8r1xeMXhy3E1W6UbSCFEjcc|1AE4YdC8wAXNxUPtdUwPHYTY9mXUb7rzVc|1Ai1jCgvCJGegsht8BNAb2LaY1pLPJhu5m|1ANBSPuooiJFRtCoR3qX5AZicXkeXj6zMK|1AP6kj7zzoKTMi5ToMonoDQzEzArHy2mTH|1AwvmbPaoFMAMa6NuhDxGv7QRf3v8S8mMR|1AXWdTYXka3PHtb3eZc29TLQWvbnYYXQ1G|1AyRfeFSRvqA5RAuRfgrawiFeq176cPFv3|1AZXTabW9HKwYykPeAnv9LampzxR2qygD8|1B1Vov1LTLGLcVG3ycPQhQLe81V67FZpMZ|1BAVR2NZ7DtGfVHbni97aqoTg5fZnAZqcm|1BDv87aZyE6tZJzef7oWWziw2cDeLDxqrT|1BEmpr8ATrcTTuW9p8JdCmVGrDp9JH3pyB|1BgyQfvdTR9TQTe2xqaRKTVuRK41fD32RW|1BK84pdnmr2Fy5aE7kudJS7V6cMF4T8wu7|1Bm3LqP9xLxYAs9bBHXbYSTrtGGJteyXWA|1BNii9g6ee4zjtXnqvHbQDZUMrJNKE4iin|1Bnpm2HW2k8KMRSG8zJgnTTSvvH4rb5dX2|1Bt4psBJmjfVTcW6eYiJZ6HEbpFgKkBSX4|1BxNdGNsD3Lz8xso9MP6nVxEtXWbJSzmMN|1BXXMHRLNxu3RTiKkagu16iP7Tp2b83MYS|1BzkoGfrLtL59ZGjhKfvBwy47DEb6oba5f|1C1WJDfDjRFqfFY6dp64oSgQtF1iYptgSq|1CA74qzKno94zf3xFNvQ8TKR5sBpc6bimm|1CcqaubtxsUFw6hnMKJD7VmctXaBoSvcYj|1CeY7A13PFSi1jhBxCohSyziM67NkmoqUH|1CGDDp31KSE3iHQtLt8sSmfYstrYEq2dSQ|1CGRm1E219pMLjnhqSo2JhYjzKRiWA5KJ9|1CjNhuUepnRys9wjxcE9TWt3JrcxEHrtTj|1CkuULoSHRpw4u1rSVtipa3hiyQinppP7b|1CMQMKmvT4hz2k2ijyxVxN7fHS62K7uQ7z|1CpVUMuByEgTPpPeW6yX4KxoDrWwKYC5HM|1CuPTKuZmk4zf7gc68NKBsWCe2EVkq4aSV|1CxDAtswD4tQcAqV3WyQSgcUPsgqt6L2AG|1D2LJFHP6GmLZd7QchmHh6G2KGG9BfrNLv|1D2LonBFPTZeyL4ycU76qBdecW7PnGpMoq|1D371jSf2bFxBhpGEktYVC34UUUmeCgM8L|1D3878MsCvJurNuSuA2R25U7HoBrtYGNWK|1DEcQsCGE3Yo6fWD66QyU19W3edgipXz93|1DfaTrWE4eyFLmo57ATdwvW78dVDRArZob|1DG4dSV8d73YNawXyAgfz7Th8X17j6KvUB|1Dhi6n2J8gXVEX9jKiToJ3aGC5fn4vjLFa|1DKpKWH1NZtAFt5iKgCREXL4wfQk4Z8Ei8|1DLRA3V1WWdYiejxgm6k4T1L4smzTecav|1DNmgQbNdwd8NTKndxobdznh82mc5SqcAz|1Doia2vUb1wEuivyABSg9PNTjNLqjKF7n|1DuDhqSWdmRxJjaRRSpa9wRH7yf9ncgw56|1DVU5Q2HQ4srFNSSaWBrVNMtL4pvBkfP5w|1Dw3iRuYEh9L7N1eqc1kYBL1vsL5xoMWYw|1DYaWJCGiLoSSD9AdKaUNPEpz9AgU5rYsv|1DzM9y4fRgWqpZZCsvf5Rx4HupbE5Q5r4y|1EAzzuF95LyTW2jcNNs6MuhdV4ALS3CKLa|1EdNvBzsEwPJQxotLbHocLqYR3dFwEBpdL|1EeShE3ZoU949rxVbTG5dG8JyUJtsXDyfG|1Eib5utoSgqZ6Z7BMs8CyienM5ydvjDTFo|1EjQpEF9G4c5RsrYQpL9gYmAXGpJuFBG8c|1ELo5Jpt6L7Mv9vwqhT6zMGK4av3rb9Xv1|1EoHPj9Wgug1obURhPZNze58WD6JS3cezW|1ETc1TSo1ZoKpSdPV8dspDbvcooW7ZEe1t|1EZS92K4xJbymDLwG4F7PNF5idPE62e9XY|1FB7XXnhQsEeEBc84L6eyssfANeMS9KPwJ|1Fd9NVabKkzmxQGHp9dhJT2E7Mwwpy5aEe|1FDDFcpGzZSFWR5WKG3Xx4keF49aHhKxX3|1Ff1W3s2fGeu68enN6ZVGqScpW2tx7npZo|1FF2wjexfHHiiuWwaA6dSEeA4WzAb4ezjU|1Fg5WYTB1LVN72iGxwgRGDpJiCGTZ29b9r|1FGP1gGBV99yvfFMitfyBvx1DhN1DSRkX9|1FJdQcqB9x7GtMs6SWJWuYia7LAuH7isxZ|1fkogKaEf86Tc3XcpSEGG3cGStFgfr8b3|1Fs2rn31dT1HY91Cjr4pwVGwknrxucpUzA|1FxFJvP6c9NmBtqbVrWUTkkcPYf8Aor1dM|1FXPF2pkCKExrZBFfxRVJy2DjideGCLgcQ|1FXsgTqHupBp7Fi3TPLRzNawzWWM3G7QPh|1G7QWxmJW3ZdMvu6xGYCVAqgZjkFn6nxmC|1G7VjcXKBYsPqaTFLcfcRPE8TJyY91Yo24|1G9mAFvtdWuangS7Mx8sBR2sxwMVPa2Zpu|1GCni8ZD3kr3ArxPpg6v4jo9q1z7umf4hE|1GcVLYTPsjYs17QAJV9myZxSi8CTR6HEx3|1GdegtNpYcvoCPsMmyiSkZARDdAmYuXGXU|1GdgDV7fPAJ2H7br17eMeVbtyyuPXxZM3x|1GFnhAje9onUGTvz4Wqut23wuJ77wM7wUJ|1GhoE7jrCE6C7zSEQrSnGoxbRauyMTLe5f|1GnPHcTadtHQGSAYJ59B9ooW8Vr6wnMHtu|1GP3VvhQkYwk2oRWX8iiDAzHzzJvkbaAHC|1GtXchzDeMnwjwLBgE47hMbZCQM3cvcehD|1GWxeWYzCer9K9gZ8egePKVFJwE3rZKd81|1H9Q5CsGEBn4TagZ2AuYrruStZGMqfmB5b|1Hampx1eZUcC1x8ZJxqPT5mJAeB8PAdB2A|1HE3oKx91MPg4tRuSZNHqRvFbnR4PahaEe|1HFjPsh2M7SENxinCgt8FXChYghjry5Qcd|1HHykQqhT61SJ6FdAo9rvX4iuug6J8y9yy|1HiZgiW5HjV6guNoHYC1F4pfDx8XP6prem|1HMANu7B1GL84T2BY8kd4BpYXz4qgf2zG1|1HQ7wGdA5G9qUtM8jyDt5obDv1x3vEvjCy|1HRkMiJcjHwiUWxtfdy9TMmXqQB7jajPBi|1HSsk8cSJ9kVU5V1UgNWj1UzKcMd3C1hZE|1Hu7v4j286468kjRhonK7TDDF2FqEvHYyp|1HUEC4Zg5yMhBLVLG8DUMrGBZHXk3X57Ff|1HuFNi5Y1da2x1aPpjDKEZN86NSi8nEWr|1HWnuWz77oXgbZLVBfB9fQAAgLCJJS7m7T|1HxE7FvqicjRBCiNK3LvzQBjEjHDeYaMvq|1igvQArq1EnWRa6U22tXCqaxCKkmgTBqy|1J3AYkUaKgHEQnZAQoAhNkUhfVxQW4KK5u|1J8HtykFzmBs6Dy7XnY9gkwyFy2V4BiFMT|1J9NJm3pU7PBcBWjM1MNxVUSZ3dCFRPQJS|1JBuJ4P7mF85YHT7aFDRjGUxJZnLgWwSnP|1JCHNJAkHbZDN7aV4ifL2s1zjGUvXGw5pP|1JGuXp1BZTdSAjAL55BMtn4yPUmGVHb6qx|1JJ9jHCS9ss1bA3bCAZnB1NS55zYLpbHRP|1Jju67fuu9zWftCryRPMbr5JBdaiRtL6Jy|1JkfeERXcCS2pEM7JKe8q9GNHN7RSRyHWy|1JnVdVqa5Uj5K3twvRgBGPUbtMxV4bvhS3|1JrYoqFndJwf9fhY8YvF1qxUN4XejyvBxg|1JSLG4AiocTEM8xVDFb89wcRBcZ2vzBH9i|1JTtwbvmM7ymByxPYCByVYCwasjH49J3Vj|1JVq4xcaTEY4ToAeC89p1Y66xyKASqf7Uc|1JYEX4YN1KYAVWgHBGcucKBpDqSnNuJYXq|1KAPteVLP3MU1skinx5qmcpufw1MYM28XT|1Kche1QfDPoBTxbC4PXAnV4qkMVdy2u8fZ|1KiRa9ssj6wVVPGHGGedHRivKPvNeLMTiQ|1KiseUqyAbUnbZq2mt9LrfHCpsBDKbHLbH|1KiyVPrZbTFiSJKWJC7JbJjCvYz8Sioo7d|1Km7oZ7gScyyWoTeR2Rk5jLP3pajbaJmjP|1KnppSYKQApjba4EuFBjKZtNXGHSJVhDbT|1KPSa4c62KeBwPkBoC2iV5652BZjaRNjCf|1Kq9wwkHravXn8VJuhAkqkWvPo8ZqBKfky|1KTRPm7QaucoNPxyRxXbEyq1nPPQ16TF4t|1L5XWDz7d2NjvuSspQr7sNXtUP5JrGpj52|1Lbo1yxxy1k8b2QpjYVVRq6nmd55N9pe37|1LEomS1bthpvSrAnmPwtFTnBS9Fu83uZ6L|1Lhd87GyZr6CHXBhPhwvm2yoALvy19See|1LJ7wC2ws3KPF8GVg72R9cZZLUvJpd48ex|1LK3v7ouqnTtDWZBVe3rJnZZkFPV82HtDy|1LKju7rDAYhxGLpnRvrp6CRa1dYPpeonFv|1LLZrWPu94HuMaKZB6xJ5T42wiLj88Wixj|1LPUDAfCeELiMv6bnpDpqrwWxv6ZEo7j4V|1LRM1EeBk2ZxVAzhiWiuBm3LqajLzkougE|1LrobkGra5L739njnuBRFCww4HYQ9dCdmx|1Lughwk11SAsz54wZJ3bpGbNqGfVanMWzk|1LwibmKAKu4kt4SvRLYdUP3aW7vL3Y78zL|1LX5FqhpnaKJSiPCnB8xWJ4fYk9UhPpS3F|1LXsrAc1cabo8rHNhiLh11C82tZbn3Pk5u|1M1MkWyGtTBuzJWu6RbhxR9aSWcGinebWm|1M3UfoxEHNazt3PSLtfw7x3Mv8vwji222j|1M8Kg1jY9FujY1sB9xm6kYvuQKHXWW7VLv|1Mbkynivz4a3HrhLGJKrPcoeUEZug81BCc|1MG6kTyCzaGy7RjExyLG3Qz5mj3rcJJXUY|1MJzarWdCR8dXGt6vpK62f7MxcWYcVynM8|1MkCVev2vbuQDZokzQB37aTDeS3xSk53fM|1MMD6A2nm5Ws1kgZcc2QCPJyRGXmE3P4rd|1MN7A7QqQaAVoxV4zdjdrnEHXmjhzcQ4Bq|1MsoebgU12eeVzBSjtLusrJNcqjNZsaTwf|1MVE5NiTnkDejzZKgcVjEJ2KFCujn78jXz|1MVqVMHPQp6ggXy86w8MyK4SUp4Jezqvsc|1MwKrc1g3QMDGPWZYXucXk3PfFSvwe4Kph|1MZ2agXsgMMF5E8CjewQhroHSYyE9GJYuA|1Mze5S3hGVusFoYJBjWEebuhJMDmSRMqUA|1NDVknEpY1CFDtoQN8PKj6ug3MhZJZQRSe|1NHbCL8umEmJ83JZMw7R3T8wwCZmfqBM47|1NK78kGKip3MC3cPooZwrnCvsJKACcNpLJ|1NPiAWxak3BifALNUA1TgdbhwXSmzzECi2|1NPJEQEoBHDUrc8o5qvWBbCFsnUiWgY14a|1NprJPZxDgARi7beJELgBDapRrX3PDZpQV|1NSHVfgTK1qV1i6rvurdwdx2LBVD4fp6nY|1NyS9E1ekXsgTvu7Mw3M2LLsQPT4rZ66dD|1Nz4DgCsyaFdmateeDfL4q6FtaGnQAjHc6|1Pa1bWTa4FHZvQ7dPDu12fPmrqhbjjG8gf|1PBWKR1UcfrG3qhywnZh8D6gwqWSneXV5V|1PcFYw7PQKUnj6RxqVwZ4TFuwWUPTyECKQ|1PDSktYMmGVu4Qkxv1ShF9xc3GqbpiTDRn|1PF9mY6U1tCDFqmxc5ADbKaWnJCVjmPByK|1PGedjLn9Expn68zt3dUZ2cgB98CugATWq|1PgHtxyhREJ5ycSCoDi3k9FR9N3ppPvFEz|1PJUTdrNhtYiVaAxNbefkBnwpTZNyccrfN|1PL9ewB1y3iC7EyuePDoPxJjwC4CgAvWTo|1PN83bwow9DvcA1T858TxHpuHabpwjtrBu|1PSsNo3M4HpbxBbdLpdCqfAR2jCEDTexvs|1PuYAe7BLxNE6F6zE2PeVthfXCeYH88PmQ|1PwENLsmQ2Z6b4EJfXDeeXKBj9v878uHRf|1PXM26ZqhGQvcuNkcG7GeBihTLaTLBKwYg|1QCdUcUm7wXjJk5CnQa1R3cmoEG9eLx2ay|1QHEbZG8NQT6vYCC8pyHvteNcmJ78B3ak3|1R4ue9Lx83PnErUSfkon4CFLGJhyxKuWD|1UB7eVgUptpzZ9G4pCCSxU1Xq9NVR8UGFGs|1YrEw8oxEDs1H2RERZ2Rn7meRt9qB6oy2|1zCR8ggyfCBW5EfNf9D1WtcFWnspPX69R|1ZmLTAXekwG4uBamas9Bwx9gUPytyuYiX 502
https://blockchain.info/multiaddr?active=125FCpENaKRu95psPP8gETM9u2EmvfAhF2|125vS1drhzddwkCAZfrMUjxMBU8xJ7Be9v|128ApausYAG5hCiRjzY5sKnaLAU7YSavC3|12zWkbSTuKKe2mKgKJrrmZ5hm2xCDZJsQC|135N2nfAkextd6E25quXpM98qLSi2BccCb|13oy8a8Ytfwue3oAR3nBG796nFNyKnmhMg|149DHg7KuLX5132CELLcf1zJ1tAi68mFNo|14bgivtRtTjzwiS4rRECoKGXkSZbf1Co39|153RFdk3UJ1pZqd4hBVeguiPxphEfoujyG|15sJ3pT7J6zefRs95SEsfBZMz8jAw1zAbh|168bWbZF6VcQnVm1wBoeKWKPyhy771W6dx|16jMEqCjJn91ckzbw7MpKmc2ivG5PguYTB|16PDrs2uZncAcW95uo9bCiKqR6wc2kWpun|17HsiiF9q5hzQLP31stAigDSrRBGqj7uXz|18iEz617DoDp8CNQUyyrjCcC7XCGDf5SVb|18SaxWfBP2oLqdZygaNa6eQfHgtKkX3YNo|193N9bw37LRjs26NmCSN8vERN76MnbNU2Z|1AdbhDHUo6LaEirHXsbcKg9BsiuKFPo6Uu|1AEoiHY23fbBn8QiJ5y6oAjrhRY1Fb85uc|1ALzUKGxniXVkcdoBERpNre19257QH3R8R|1AXgfzpiimunqsrSFn2qgM8YgKGqqgPwU4|1AXNQvRxpLXLF2z3WrrREq3LHgdbpsAm38|1BgBX4AHDDyCNaHFUFdgn9HpUUbC4uNGuf|1BQqNrGCeMK6uFfQ4PrQ3bXZqzaYbpDy76|1BtpgJP35v9QwgEtPcKvVLs6Sc2bMD5UpA|1CcYTGyWVmoL9XX7UB4BxCFjkMucWLxjDR|1CddRG6twF61qs9Mr1YEuVqma6eiynNcYb|1CKbDAqne5Y5NZkYG9uXoEoFxxwfL5f192|1CnLpveGjnL3T1a9h2N7ekZLQM9odjuxDr|1CsJoXHnkKrBhVhkf5W4jsGWrQF8Kt8hR7|1CtFWbp44gvmejR93rbjjBNGogsb1vdN8R|1CuYHGqGAaKUr71NtEC3FS7fXqWePpHbKZ|1CxHPQfAbzMbXLvrewzyJS1d2j1qQ3Man3|1DCyZLjUbSCdWpqJqhx1pQhcPpz8CSA41T|1Dnyz1TqkEWGZdowH1KjdaRGQXrUWeG9Xy|1DX4wWS6TsTS7QEBxhRDBigwUtbUUAip4i|1EBevRx4iG9DeLiCEQJd3xiVLvnFfEYLvx|1EJbVfn5hXQ9JcfRyn965UKpNX4qxRW7pY|1FeXvY7QRKXJxCgTRgtvnDUWy7bpQCpgP1|1FJvahG1WnEfbXd5RBHcou83X2TFhwSMmH|1Fo5MU4CLnXnEhSSPgbP4J7B9ZDsa7NDuU|1G78aJr3UJSJCa9Kvo6UgR256mMZ2BC2xe|1G83cC32bsj7EoqTcW7w5gyZGVdztqAD75|1GTxj5VvnMDqHvGTdzyxSP2n2cGQBELZ6c|1HASDyP1vzmh5Va7vdE9bJtKAs7RLnPhq1|1HL71LjsvspbhhKhWUyAV9XHt37s3zoy33|1HNVA4DQj3e31SxQwcYqUQJdKEaU7h3MYM|1HodueGYwUi71qfij7Hyf5kcq27CG7LqRW|1HQJzS1kC9zhjxr7RGHjhvj1XuzCpzqLgb|1HrEqMHQVWhKuCg7a3rxo2tAFAiKquJ5iP|1HSN65qWF7EtBgrD85kjqeuYH7P5UaaSaZ|1Js77if7NxxyE2w4UahAZv1fsa3emq2Pb7|1K7SGqhu5qzWQsSxP8Z8K2VCUTR4AphaU8|1KFqey6J9NP2vvUCpgEuvk22iFysVqCSPt|1KiJiDFptxgogXb6iMfvsQ3bdfaZrUXuFs|1Kmku9uQ2ckxwFUnhqPTHdKqiJN57qBRTq|1KP72fBmh3XBRfuJDMn53APaqM6iMRspCh|1Lm23UB6oaiAazN5toNp18N2EuVSvFwm78|1LmoZhPL7DXoNW82LmmzKTw1vEsoKUjK3F|1M5GHvYVAtwJ9aZi2GWiNpNQwcimYReXqs|1NBGp3YUVwMFc3vKvHE2XLD8S3uzPN9Ujm|1NMVXwfpZpvG8DECiv1KjFKvuUzVLS8FQ2|1NPqptRx484Ntyt8SuZRPKVsekJHeYjTme|1PBZGajyhi8M9436Amt4SYLf9r2BMHCEPA|1Pc4r1wBWRXmJiEBQWPrw9pTdF5srESZLP|1PgE9vt9sfCyFj4rmL8uL9WqM2BqMXeE25|1PgttDwaoBn9fT1yCSS9SqW2y7XvutQhoD|1PUs44SH7nQuWQNPU5d5J3Ffg3F2gVHnYU|1Pw9UkqkSj88E7SgDvtPsNbfao2LXvmkHX|1PxJj8iogRk8ELea4t8mobNt2LinZGZonw|1QCttxVQLvJMGGR1LFsRNxHfQeNWvH6zW|1WcrmM6iAHyoZWriGoMW2AZtFDSL8gYAU 200
https://blockchain.info/multiaddr?active=128pJdREzcR6xorYPQAPzGf8RwMQjRBzDt|12LE1yNak3ZuNTLa95KYR2CQSKb6rZnELb|15WUYqKerTtxi4rUEmnakw5gRMkr3nZCQd|16N3jvnF7UhRh74TMmtwxpLX6zPQKPbEbh|16REtGSobiQZoprFnXZBR2mSWvRyUSJ3ag|16yd1Wj2NZa2uLZ6W4UDCDJ2Ttw92uFaT7|16Z6sidfLrfNoxJNu4qM5zhRttJEUD3XoB|19yqWit95eFGmUTYDLr3memcDoJiYgUppc|1ApF4XayPo7Mtpe326o3xMnSgrkZo7TCWD|1BhLzCZGY6dwQYgX4B6NR5sjDebBPNapvv|1DKqMQb5WpSGbPjMNeuZ4Bwt7GF36gKeay|1JYYzNHDaGC7noiE4eKatuYA4AThqVocDd|1L66AcnbuZkYjs8eE6uVbTUxmorHYGKxFJ|1L7SLmazbbcy614zsDSLwz4bxz1nnJvDeV|1LGnuv6KX9SXB8eM72dnBAcECeaC8Z2zje|1PoebUjR5pdH88tc9ECQ1PCLaCrtPnG9fm 200
https://blockchain.info/multiaddr?active=129L4gRSYgVJTRCgbPDtvYPabnk2QnY9sq|12N7W9ycLhuck9Q2wT8E6BaN6XzZ4DMLau|12UbZzhJrdDvdyv9NdCox1Zj1FAQ5onwx3|12vsQry1XrPjPCaH8gWzDJeYT7dhTmpcjL|13rTF3AYsf8xEdafUMT5W1E5Ab2aqPhkPi|14aJo5L9PTZhv8XX6qRPncbTXecb8Qohqb|14dpmsn9rmdcS4dKD4GeqY2dYY6pwu4nVV|14hVKm7Ft2rxDBFTNkkRC3kGstMGp2A4hk|15FC73BdkpDMUWmxo7e7gtLRtM8gQgXyb4|15LsUgfnuGc1PsHJPcfLQJEnHm2FnGAgYC|15RLWdVnY5n1n7mTvU1zjg67wt86dhYqNj|162DVnddxsbXeVgdCy66RxEPADPETBGVBR|17v2cu8RDXhAxufQ1YKiauBq6GGAZzfnFw|17zTcgKhF8XkWvkD4Y1N8634Qw37KwYkZT|18eu6KrFgzv8yTMVvKJkRM3YBAyHLonk5G|19AE1YN6Jo8ognKdJQ3xeQQL1mSZyX16op|1C8n86EEttnDjNKM9Tjm7QNVgwGBncQhDs|1CbP3cgi1Bcjuz6g2Fwvk4tVhqohqAVpDQ|1ChnbV4Rt7nsb5acw5YfYyvBFDj1RXcVQu|1CN2iQbBikFK9jM34Nb3WLx5DCenQLnbXp|1CW4kTqeoedinSmZiPYH7kvn4qP3mDJQVa|1Cyh35KqhhDewmXy63yp9ZMqBnAWe4oJRr|1E4fQqzCvS8wgqy5T7n1DW8JMNMaUbeFAS|1EoyVz2tbGXWL1sLZuCnSX72eR7Ju6qohH|1ET85GTps8eFbgF1MvVhFVZQeNp2a6LeGw|1FRNVupsCyTjUvF36GxHZrvLaPtY6hgkTm|1FtQnqvjxEK5GJD9PthHM4MtdmkAeTeoRt|1GXgngwDMSJZ1Vahmf6iexKVePPXsxGS6H|1Jq3WwsaPA7LXwRNYsfySsd8aojdmkFnW|1K6MBjz79QqfLBN7XBnwxCJb8DYUmmDWAt|1KUbXkjDZL6HC3Er34HwJiQUAE9H81Wcsr|1KURvApbe1yC7qYxkkkvtdZ7hrNjdp18sQ|1Kx9TT76PHwk8sw7Ur6PsMWyEtaogX7wWY|1L9fYHJJxeLMD2yyhh1cMFU2EWF5ihgAmJ|1LKULheYnNtJXgQNWMo24MeLrBBCouECH7|1NMgARKzfaDExDSEsNijeT3QWbvTF7FXxS|1NQ42zc51stA4WAVkUK8uqFAjo1DbWv4Kz|1NuMXQMUxCngJ7MNQ276KdaXQgGjpjFPhK 200
https://blockchain.info/multiaddr?active=12afvEbkbbYp3C1TVf4pC8zwJdgKBYsRTE|12PXDNFRWm4ruWATMkpmNiTQA8dhiF9Eu4|12rwu3Y2vvjLkgzVrh79Gd5BadpEZzbvAi|12T8Aj5YrfSKEfkZYZUxD6zECuaK9mfszz|12X9g2w42LKbyffA1ZpdxkHUobYUZR4pUK|12XQRoTvcHe3YhW2YH6dra1ARhG4jwa4b2|13B48en55HSrKauoLeqDZFQcZ69r1eT9t8|13eG5vchhfQiyZpyRosGsSh37bi7vB5UDD|13m4BK9AmvL8GTgZukAJXgMec9WZj7aHpJ|13QmdHp4utpLpKztmGSSG5ZRtuTaJVySMa|13ss89FWSYdZfodEJ3nbXpHEh8xU9pFFJW|13w4KYs5fHEibxtn8xc7Ga8jp6LERyu89V|13YxBsVdvo6NWZTgCyZ9RThKtvArSk6uzF|1454aDBbM2ZoV1P7TLjDgfyW5QJrJMZPor|148RgoCWcQnRPcrLHYLZms2doLwJiJDUSS|14GCVKGi3Fz9GweoRnxRQcUYCUCiKsyNwC|14Gg3Ltg8QqKr8dcW2fQwKYLwA4NE6QPgA|14Y3VrDVEbm2GTKXoBynZ6ZkZ7pp6A1bg6|14y8PsbA4F37maNDF7C4723kK827iZbQr7|1554Ehro64irNUdBQrCr5T2xzFHoZeRdYB|157y6oz3GL8MbsLvJYZ7xsvbP65qfsXRQN|15eUKUVPLWqGQUFn7JsXVcmsMmvB9oz7Qv|16nkUHAQBpmGhRQK31gwf9mmYC3pTG6pfw|175nvJmAR9wFd1xsUEGuKeM4QmGcGvrohB|179XUHoXTwJ13ckFShfwmzHS6CnkRtRyAe|17DMcgUNkzrn2deY3raecXQ9WpJv4dj9qY|17HZuozZSaEu9MPdwAAATvomSGPwqB4sL9|17Jfx9KatXdBdATckWYjRiVVpYCSDc5ESn|17TFhsLRJQSdEmua6ZZfuk931Ho6rqo6xc|18AxkVW64rMspz9sLe6MTwVg4fQCLDfnDv|18H31v3Qh7inNQHBhwKYBksXUEMK2sLbSE|18jA3udx88xyDdy4Gch1itFzWEuTJq7zza|18Jz4v2EXatXQEX2nowPjn7sogBXALAjfM|18K5xiJ5HSDCcF5CYubAu83XtHMFvrgCog|18pqq7om6guWawUmmi1UPBtFkc91Sm9o2b|18sEDTkZzuaKoScq2uLJpVV1iCxtHpArWs|18WFC63Jp2VpoNPNwFQw8Z9rtMW53SbECa|192bZF6uy9fn2gPBLowSroEy1YtH5NbC3T|193BGQmaJeenM6pKoZXZRbWHeCMLqm4Xfw|19CoAdhybCChVMT1ZJwKxzrLZ7Y8QjDsi|19eKExYPiUfzAuS81FA5x31wDD3jiwrKZv|19G2rhzX11HEkZkuLbzHQMRi6ePk7kZqjH|19mG598iPwm1wTYV1azaFD4i366H8z7gMa|19YY74UtsDAicHbaXwimHTNMzTGgZGmemi|1A7SDaNySPGg6ZxE7nTPgYGbv6f3hYpUsJ|1A7XBHN15br4efTh7F9yvT2mSft1Udi6PM|1Aaf5skdJqPfXzKaeMwkTj77DXxEexVgJw|1AAq3egXfbT5TiD7kS3vUp7WLmWP3f5avP|1AgHbEP1opWJBGzvaLt7sFfEHKbqvKy53D|1AgtnMuFRQqwr6ye3GK5en7QabTaVEVcvD|1AoL5iHFn6FPkkLsgTmMmPruoQPfUjtNbG|1AWy919SVYbkXU1DfnSC1yHj412VoPz7dA|1B2qZMiXurjybPyrER211DYLCcjFusJMnZ|1B3fDA8rxBNu2C4RvrZkacxJkMoZ4Fbf12|1BeNUnwELQfTtiH5tugpiod9f8corhhQUL|1CAQz3nfX4tgEutpswt1zbXjP9ZjGSTWHF|1CcdQYejp6t1FDagjgJmNyUPEwLPmhG6zp|1CiKM1FM1cb485TsqrJZmhKiSxod8UySL5|1cKN1yzqU4fJLex7NkQAJEteatJzoPGm9|1CnZQspa1BxXs3H3KPz5Lrzs9vcnLGAVko|1Co7u9G7Co2XBBqMFx9TnuxgjFYhhL3rPh|1DjQhoK34F9vjH22N7EY5HokDbpcAbGbe1|1DMb4UXL99pdGqT5KwNn4kxaB6PWLG6Rto|1DP4gU8UPDMFcdaTPAjkZmEqHjJ7uPt2UU|1DRhpUHTrA4R7ZZdMbCdnXgUNqsMUs93vh|1DRNepCT9B8sejigdMvXjt5bJW2xKvSyaY|1DvhhTxC4hn2vePdp5896FymRoNpgH24NK|1DwwU5y6KUNmTfQH66oLnxKoSoDuqt3Aoo|1DXgs3dUCJ15z6NuHWLBmPaYuppU31jgTC|1DyP4B46vNii9xgopsnKqNaFSC6zHm8wyT|1E5n16YgHTCyqht6kXj8WGQRuVQEdSg71y|1ELgeAuCXQ27csC4RipQaZg5hB4QcSViER|1EtwPS739GfdHVReogsGNEAWva9EJMN9jQ|1FAMURRHT1R5ErQ5oxLAVh1akx9r8aD3VK|1Fkg153PVjpYUB3K1TwDGXrjG3vK5gKL2K|1FMr5TmvBNUoJVy5ijPvujfGVm1S9F6tnh|1FqRyP9LaAwmuUYTgE8CyLRFdjCkQ6ZoUF|1FtUGS4HcPwYhGacgeWX5H3qTrtPvZmssg|1FXS7KJTLjGC9kf1dfR5dC3vqRvcSLYha9|1FxvJ86QjqrY9TB1wvmLVk8FWif4WcMCWD|1FZ3ZUwFerFRTXEMc9Z7iTz2evUogwqLy|1G4D78iy9vc5NHoxEHh7hpMiAYrQpaV2uh|1G4ufuFjbRct1GnFqFxDKj1X34GLjaKET7|1GHB7LcWDttZajiUaHVKEVMceozFskbyGo|1GKVvxxfkTeFKBNqAxMa2VhpnVmeSu3g4G|1Gx8NNRJsk5iwW4HHAGSEjwLgaJqkbZAUh|1H3ouX72bed6YJrM9VM3cRbYckobb49rkA|1HbTAzHajHd2536U4kfLekkcCmDpfxbW8r|1HKCHx1RFhNHuF3NxLviHdrjNFzJbCTvrC|1Hw6CFV5Xc77xesZfnxmcgqKfQRNhzSjLG|1JBwcaiKgv2X5oBsj5qcNtSkov2EFHoiTL|1Jdf7Mm1VRs1EWHxSuUzRQDR9QPdXHrMjv|1JfE7CFk9dJxo5gwEAkLX5m634ou75KwcT|1JkfoAFpZcRjhZyvsdXo9xh5m97fx7VTdC|1JN8ZPXMv2oS8uFJ71EtCugszexwMXPWKd|1JzT8fFPui6RXA8RCG7LQT5fxYTJfumnA2|1K6JWs8dBA9zPJXns5TRsDMTcuusEBk8Mc|1K9LqV1wcPNVDyGtR8Ks6Fmmox1c857QBf|1KAbtZSq5CWDFf4vNsSdjtYk8LciKyrao9|1Knz757ZCHKqfbmqumgvmCD6R45Kgtfc2r|1KyrDRDUsDd8cP4k4EZ9cWDYq5jYpEe2RR|1L8H7giEardRiS561hGg9TLcindyLfdumh|1LBhRVEHkgfgFK8V9TAtvfJr9EuANAgUjV|1LD2iBQak19QNAokZHWGKaZZW8A2SnyMPG|1LmCQvYbUzo5W3U5WaXAf73erv2U8jq455|1Mi2WcUegVh7vF8pzvQhEpAeXqukHwDhAz|1MkA4BYdYbodhumsiVuZPYK9RsDDgxpyY4|1mNGVAJr3hWKJK6x7AR7C92ST83V8yAdj|1Mwop7UeRppwzdzncfFkm1Smy6g3oqH3St|1ND4fstzjNQYrLRuXHzTcsMcQLX7PZ62fo|1NoCY3gXrMhcDMRNWs7h9Kc34QYhwgyPui|1NoUgYAepAiPos9SJ6vKfFXekEugUCg5VY|1NvnfmYua7ZzArAsmGAfkAQEsQBmhZf1F|1Nx3TomWEMGTiXi3933uK7bp4RneyqM7UG|1NZsNiFYzAVdNT2LkCSRzsUK8Zx2eeBpTb|1P1qtbAU3vX93S7ywgj8WhVzMbfiJJo4cW|1PcBT5EhEAr7zLk2V6fSanPJP8iyy5N1hk|1pG2DvsfHJBLiZheg6unx5zYs6gNbFYXj|1PhMQScKgeAwQ4bdF3NqGtZcz5XQtvFk6a|1PLN4fs9iuauaGi5fLM6qNdxGJV7NzBVP5|1PPRjuU1jcJBqZAQwzxsskkQAF5oCpjceQ|1QCkm8bUqPbY6uffxLkDuGJe6zAro21Ji5|1ukmRPWmfg63tjFPrs8QaxtDFmmWsMCXz|1ZY7hxigqdJerPtdnDrC8M4yqEfVKvMw5 200
https://blockchain.info/multiaddr?active=12bzhtdr2kx5Tum4MJqmsfiePnKFvQLw7L|149oyt2DL52Jgykhg5vh7Jm1QpdpfuyVqd|14Rz7W71sXwmnwqZHLvXSf5s1vmpp9viFb|15qH84uLC49CmC6jRE958Qjcf9WRZ2rMuM|161JE4rHfvygXUVLya8N2WFptjwon2172t|1893DMwnrq9vA6JmQBdyWRKecArDAUTcGR|19nShJMkTbP6VCVaoAjzzTQuXLPzXH1Qb7|1AgKqK3LHyJuLKzbK2wd4nuxAJ2GJ84maZ|1BHasGex1jhRZeY7KyUGGKUNRtVgKedRY8|1BTuxsCpAGtCzcszvFV2g4beqAZ2AUnyFh|1CdD3nthrWR76RkL1WwLH7BSqCFASLjbhu|1CDs3JXUU6wNmndAF7EFcrJ6GGSYRKXd7w|1CF9VQhwjJutPxwVq5QLFA7j7baq4RDb3w|1D3ArQebDneVBVCqLort9jwvUA3AoZaNq5|1Dnw2qJxGFCZdE3PzCaVioBB9zERc7SzRB|1DRXeydtqfjAmvfrLY7XiCo2A1vCq32z3a|1GHKDgQX7hqTM7mMmiiUvgihGMHtvNJqTv|1Hov6Xo2Bss7K3p56gGKfy7UGY37TfXG2k|1L5SWCu4ZTLiyPyTAvfSVjhKrYNSnYgBKk|1LeReNiUgHNXvvR8TpgQG1b5nzqoKeUxDY|1LrZorkdqzPsg8JaGLwjLwg35viiH1Sv9v|1LTYBLzVSLe6GDFJ5NVVxLR2j5eQ8Wy51N|1LVZqNEUHnhGxZ2qgJApd3qbHWZtpMhkAo|1P3cNFy3SdfZ8PvMSdgLRcb2TtaLvxfqat|1PcFPuZeEfuCCbdPu69nzUCvzsqu967xNm 200
https://blockchain.info/multiaddr?active=12TZJJ7818HLHVXhLCbNM1JfHHDpRZLDGv|13AEiPcnqHRRwbJRUsPLbcgX3roTTPGSMu|15TxgGK5AMvdeupbcKbk3g36zctnS9ThnU|16Tq8gaad5FJ3c6mrC86e1pmqQ666dYSvv|1Bc2796pYkigEWbKiDwxFkwRocrmd8pNEp|1FXZ9yoagBMnnrkZscQzKnC2hkgX5uDgUR|1Mvz5SVStiE6M7pdvUk9fstDn1vp4fpCEg 200
https://blockchain.info/multiaddr?active=12UrsknT8hqYGpi8NToS2GWCWaLKtR2UXn|1A6GJMhpPhCcM557o62scEtuVXNAFe74fa|1BGDTqDZyD446Q71eGhdmWLzyCHVPZUJxv|1Bj2z4j3weU1g9jwu4oHQQA6x8x2G2FRRm|1BLeMsrSLB8H1fDDLRhQbLHScoC58ncf4x|1E4jsfwFsKVaAVFNfrmGVgDY1HRU8qf7PV|1EfuwPcYeCTes24X8CVGMUCR1H4yZ4CyoE|1EhJcMYwQKKWQcLFBjjYaMGTVncpQMJbbv|1Hf2vPmYNxzFYWiaURs75h8JoyCczLXCG2|1JXMiCkbrPiDWxoZ8oJ9yQZutHoaGQtXCF|1MScgv8kvbVLwGbciuw44gvy23rocaNCc8|1N3qTaZsUqU2owUVjmijVyHB4uiid2JoXd|1PAVxqYtWD1RBAjE5voSDnUSefGGUvCwpm|1PWLk2FP6r3FzKcqq9UgsYVZ9Ev6gufCsJ 200
https://blockchain.info/multiaddr?active=12vfQqmMxiDvZdzYHndfURupmcjjs8uSpY|12YHmaLEAbWx3o3p6BvegG9WH47EYs8t1V|13VEVaJUMdJyQ7ttPfBaVNKjj2dS9ahU1z|15fbyNgDnqYQR5vSHJ8PTAEJbKy4dwNBCZ|15MHczWfcYxf3P3NwYqCthaNiieGP8RY9d|18jCCAR2QZf6uZTnu4769ZknPfXjbmh1mw|1BNnZj6q7Z5PnGqGzT6Jusbz4baZ31M698|1CBP2QmxvDDHghutwCt3NaqS4HryTpQ3RH|1CcAYfsKNNFPq7AKkbKQzRKw2kqjrqUeN9|1Cj37Tw5uHwfye6Srd1zHzSMhUekp3jM63|1EH3yoQciVcWUufa4NWJvftyvvFxjbFLtQ|1ESe1nekuFJcEWycb1JjCz9KneNEm8yjg3|1EVNFaX7HktW1ud6fPueoMJ2Xw4UfYGY5Y|1F5RJzWN1g38wD9XbcspcxaYDU5hKpdvm8|1FLjcTFpz9MhwLdZ4xm9onpAnUGfRbGdXg|1H8BXLJsLk9YCoNeBahYbgWo5ZqEn752ey|1HvaRPjXqdm2H2J3RZndE9Jdjrzhc1Ej3J|1HxkJ3vz2tvpcHgdt9yyY4XivdY9jKkcZH|1L9GdBW65Rt6e8UY69bnWNWomsppFFFR2X|1LBhCecBmT23hybSUYyFW1YYqtTJcvFui2|1Q5B5udzDLpNJbpedGpyGMLVU5DR5dTqx6|3NQoq5MVPfEMw12gB4a2c1G61mRZyMymsB 200
https://blockchain.info/multiaddr?active=12X8j1MMfv8dY78RZzKN2psGdx156DV9rn|13EV9CigjDWtecAMZtpitZvdPoT1dDZ758|14akN6g9SBT4QoBnj1dPsVCxecthVm1iCV|14Cm3zg5mDtexFad2q6CKSQkgZ5ZSk795F|14LpSKm2ZrAJuWW4DV1auVqqSbDapnq1XF|14paVUvqmxXhsPfrT7WSo4TadmkR1LwXU4|14S6CqLVZpeZMj7DnSTpwaMiFSqPu8wTVY|15cTYcgRCwQTzJkt4u4WHtAVjhmxrnhYCQ|15h3GNNf1reqSSMTtp57bkCzZ6g7emCT3w|15oqbVS2tanqFSCiq8ii6HQdtx1fsY2TZU|15WbmjDE9TnPmKKREUisgcwfT8SXYsCeR3|162LiW8rAuXV2ww4h2mvmysdbWGetKQTVR|16B4HuSAJ4WRdCq7dzA5b4ASh6QQ7ytZWB|16hEhSW6Aj2BfENcPVNTuhk7QmpLspw6ZH|17eDDTdF1eud1bNqUYC9eYUeFdqKryHEhX|17eYbqTNDhwRgDusqt961zKycpfQVsE43r|17fmNBuxoga8MM4ZUE67JELxb2XZ7fWiK8|17QLKJQH6cCtNfrhEyriPdzFNL1YCnFFMX|17RioS6FhVsSL4r6MaQJDtvmC7C8C5emGV|18LhvTGJJueu2kQWVtoNFyoJwDS8S6Sqmo|18WNujcVf3GXUUDurMRqn4YbdQuYNr84vQ|1A1a3BdGxL4xv4HPVGG8WJXT1pm8pvJAZx|1AG4eQxJ2EYNGGgpGrSdhzN8Ajw8D2qoGV|1AgsYkqMswvautBDwH2YMK3SgdxAiFUEzj|1AkaKwm8D4ukutxLRU5ys9eskkWM6vNYdb|1B9LFUAYAuwSrvBwCLrRQjR1iw53oG4S39|1Bb8NZGKXvAWoCCuKDa75i5QjwB9zArhNz|1BCsx6WiXKeocD9JkViWPypKfb32aPCS4|1Bdheno6SHJNUh6Z6UynUQGKVoWd8hiBe2|1BvVfL5kKNJJfFoMPShd8brKsWh9vjeMtw|1Cje4miCgxVrTkgXH2C3iPiQojDGjzwU5f|1CTXQZV41xPJASGa5QbE3SaoTL5vrC34Dr|1DAnZN7d5rd7WceFzu92vTzDuD3p3HArCX|1DiYBuB9qokHYB4S8S5RvqdTYCA4vhMVdo|1Dr6Kf62UJ2vwsiL5Ji5of7mxJ4dN51PBN|1DtBY4zD7cK35fpbNecpxSaEuEmfu9uyVG|1DU6JGwA5oYHjh78U7x18QvbJNjXumzHZo|1DzMu1f3ggo7yGLnzNKhrL2ytiYHnVxxu|1E4Jnnodm52gCJJjS7YJ5m63eyjGWFqzF|1EghRQ8rFuqyeAD41sNZgeM1TNJ4jaMEL9|1Eigy1jqpWtvbHHRzTSyGPJMAWmKhJ2JZV|1Fd5wVoG3at4Setv8QMsXjLhS56FEQ19eH|1FF9n7MfJ3RxCnjbtbSUvBbHjwGRroKYru|1FG7huiM8Jq8JdpULfvVDCHThZqVeKB96q|1Fq6hDk1mrxedgghSUjH66zHsg6ud9bktv|1Ga8DJwrYE33vEt14TH7mC2bV7QqYFDpAc|1GayBFn6oMfJcZ1RhjtZpcLYLQUGCABbnD|1GhmTxhCykiAUfhDtSPMJtAGfYvny1Y24T|1GirubFu9qsXtqjQEiJZMYnvhv7ZCeGp6i|1GVq6wFH7xciunimhniapSccHKPRWCjgES|1GW7R8sy4YXYuHVtR1SUbMZq26ztKZRhuT|1GwRQN3Bp532igbWjg6awEPTdwzKYKduek|1GzLBHTSuDP5L7aCYPRFJwtqrXNdUbsFpf|1H2R3ds127iiR2bXMvRTJngCPTQnjUu5qV|1H9LMSPLj4cBWV52ghk81iXBbZF2W5Vw74|1HGenT4A43kd3rpYCTEzpWpJdxhRB2T1qN|1HTEVaWg8jp7HehfujrqupduLvZvX16Jih|1HW84jEWfZMgeMcVv4PjZeprxds99buxKM|1JsMFmiAUowGhUWGfmnyfvqsWC7CLEmDWS|1Jwg7xX1W8ypGvTSYM3hK4UjtijK5EJLFv|1KDexcWkomrUCyuaWnpKiTB5p3odjW2v1p|1KHebg9ccgnotFNWJ689AXnVFvf4yhmECQ|1LNpEr5CuWJvuV7SrcyjgYPRaDY9egx39h|1LWjcWP7tmnjcq7WgsVHPRdGmC9KLRE84S|1ML4nLW4tyVwa3dqhbwYRsHw4Tuiqy92W3|1Myb3pSbFpHvtDciKbvVuFPgGkZHfgmzmR|1Nqth6puqJJ8kmwS6U9VGDn4FcCdN1CfdD|1PCNsHHuWrNezzt676wpEcbPye1MB6uLgL|1PGaSS3iew4EbS4vnb6iGDrYDiCyXqLXSD|1xeBR4DZ47ESwSG48bt2gSfcEk6VkMDvS 200
https://blockchain.info/multiaddr?active=1364J1RCXfW3gNrGQXP481661MhaNi7Nqq 200
https://blockchain.info/multiaddr?active=136hcUpNwhpKQQL7iXXWmwUnikX7n98xsL|13Tdj8ER4kFggUPxiHjFSqPk6KTNSLNi99|13ZiLnx1Xa88VeTY9c9542R9qARdyonZgH|14rQpPaisgM4oSuGbVTgDMdKEZ13f4BgV7|14sSvXSijCST3NX3XQzSF78NQwY2kefatQ|15gmXaSztzgZr1cJfeE7LqD3iNYi8ewF31|15HUUDBjLD34XfCu6YtafT7ARSt2TBrLBe|175wjzT5M7XvYYW447ry4TQmHUfzTrBUcN|182jpCsoGD92Pi5JrKnfAhoHVF9rqHdCjm|18Cu6nLLnnvq8v1yBAYYku9n8LeTDe8cix|18jhFWgSeXDqbhmb6HxBbGB6bu28tBUMxD|19c5qmZwsHFJfkypBemuBM3cHdPhdPoGP9|19CbDoaZDLTzkkT1uQrMPM42AUvfQN4Kds|1A1rUVvjVLWvUeBNHbxyur9ebs3p8UTKjL|1AFoh41i1s56Tc2cRnwvJv1Hx8YfvbWxbh|1BBwaSdtkrTQaAn7JkWTqwibwyMi7pDxqz|1C9YUWk2iKAxjdvcysyA1C7xzR7evhr2qA|1CaKPMbxiQJQ4HBvEZrGgzKXxRn3KuZhhL|1Cn4YXWmjARbK459hGQz54g3KTQLB7XYZs|1CZfX9qdpqsLU8ygSJoz9AW1XVvLY7WccD|1D6ScsG2BmZu3VFDEgfnMC6CzjnWtZi6Kj|1EbBCiqqRtu73aDKG1UQvtxZK8Aaud9Uir|1ETLG9xnFwZ1H9xaHz6u4MX8KYvWJesMab|1EzpHEojHsLkHTExyz45Tw6L7FNiaeyZdm|1FDj6HsedzPNgVKTAHznsHUg4pKnGRarH6|1FESb2caoXp27gEgVhyoCGHSkGhGwkzJbF|1FNyeR4pzsYcM7PPLhY7V8m2RJcG9Hrd7h|1FpZFUGqAkyjAGVgHXhaHrSmThJHxd2a7v|1Gmjyb9wd6Ju9phn5tREmLYwPsPFusqEx6|1GZ7aZrq6VMrHegEu1ywxiDPhUHmR4fSxT|1Ha4Y7QegJL2t577XK6nSUdCYAKKQC99sG|1HbJu2kL4xDNK1L9YUDkJnqh3yiC119YM2|1HG9g1aTbDhmcpA5rk1UNDyz9UW6oqFhj2|1JnxLRQSHkCw5aEhu5VQptUq4XmxntAvL2|1JwEwYfXd1CH6T9xcqAy2aENn2ppQrGmMP|1KakTJ8dpYFSnBohLakqMHKonZ4HGo3ur5|1KbHGbM2Uqqfksujn7X18GPUbGyfaDTZU9|1KVvqPi5QivfH3SKFpFWbeRwjdKREPYoAv|1KwgwwWdoL9VFcg9VuCDGBiVZ2LNzGnrov|1LJtiav1AziXxG2Ww1yi3vPudj1AeynduD|1M98HoRLwEauo6AAicCx1EsUYPQGxWiwRZ|1MbCDYWqNiGmexfWWijsE4HPfcaWpRcFNu|1ML7SCAHaf5cfrs6Gd4iQjeMmHtsoWk4go|1MR2rrLp9jhqVLsYVPEzFoFLiFQBV4QFqg|1Mr3hCCa99QWPHuidFviEbiXtpWRviAXEW|1MzRaHAfacDjv9YucYhhxoKjn55NevqcPX|1NkDXh778bwxhKb1Wof9oPbUfs6NWrURja|1pCaYWsQnbpARBJqkvgE9eEHdZnCMAJxG|1VwPduiKpsBdXFr7p1VVv5QPDwj3wfcRR 200
https://blockchain.info/multiaddr?active=1382JAg5xbQv7QNwq1svDeyw6ELtNCmujG|166vHLnGB1pCQGxdBkRiMkHW5WGQDbsw6s|16hHkyuzCDRFzoejVuqajqrnbmKHSmEfQM|18mfoGHSfe9h145e8djHK5rChDTnGfPDU9|1BA48s9Eeh77vwWiEgh5Vt29G3YJN1PRoR|1C8yA7wJuKD4D2giTEpUNcdd7UNExEJ45r|1KXw7aJR4THWAxtnxZYzmysdLXVhLfa97n|1MrKJhiECV3RufrY1dSybSXRCwSw11Co6i 200
https://blockchain.info/multiaddr?active=13cyEdT7kyH2f4j9xchvDGhv1o64MYNLUS|14MDSpmw9B7MVeh3d99TL8T9nc5d1PMYGZ|14VbGhtysr6wrNs7EhdKiS2NoMmMDBM8cn|182PJESsEWbuJ8PEgfM58p64jbok3i1gNU|18YDAf11psBJSavARQCwysE7E89zSEMfGG|19kXyFbvetft819v4QV5g9vzrjwNqRtvgA|1BncH5WxBSYJ6mmcJC9bCRxQ6Z1evvtRxk|1Bu2NDQScVQwixvhf4z4xbZQVNFWuXokSJ|1F5csJmyf3yJs5s25tZmYKoFXznR452er9|1FgfdebSqbXRciP2DXKJyqPSffX3Sx57RF|1FHPbKHcSx9CaXJzDpLoXG733ipQ77UNx9|1GR7rJfntdcbfhKT1s33RDby4z5ex1ou4Z|1GXazHVQUdJEtpe62UFozFibPa8ToDoUn3|1GYNGZLEUGkkQjHo19dHDnGE87WsAiGLLB|1H9bS7Zb6LEANLkM8yiF8EsoGEtMEeLFvC|1HjeDCAaEdd5JRDPHVgmLsCC7DsyHhYwM1|1HkKgPbcMyfhrdPsbufTFczzVnhyT5snB3|1HqUfvPooEY3fQPsuM4dRzq5uzTQjDoYpt|1LuiqwsE5HF9T2mkS8EN3TLkJRFdbzrR8k|1LZQGS99RUCvQvT5Qce7LkrWtMtcXPSdWZ|1MAM6oPcycTrfiLPS9tjtAR8t6KDmL91fr|1MbdGY1LVr6gEjyN3Rok5HQDQcjWbYmLds|1N2XZZDW5ofnyok6HawSaqzjBVFH5LNr74|1NXNt72qfMhPZDffUEqryCYpEUzyR6LmgH|3HTQWpYhJ9aG9FhVSJAy5WuEiSpUkbV7nq|3NoQtsvbLyQNAfSFjXo1qZHRbfHi9khGPG 200
https://blockchain.info/multiaddr?active=13dN96pRTQDhpWRqKyLTbgRxeTN52p2CqY 200
https://blockchain.info/multiaddr?active=13oiwC4kgTvzjJNzEXe2n8ubxJyCvHrKfJ|1cyVzadAas7SA1r7YPmGP8FCUKMQYWp6w|1NJNG57hFPPcmSmFYbxKmL33uc5nLwYLCK|3FQyoeHS3ECatjxf7ePo4qNMkwtn8qMLqD 200
https://blockchain.info/multiaddr?active=13s8W3D5ssWR24Q2wwnftVK7dsbNTez2ym 200
https://blockchain.info/multiaddr?active=13vs2K5TiDAn6eLSevnds8esWZfeUhov2d 200
https://blockchain.info/multiaddr?active=13xqrsFNgNPdc36AwfBNTdggyqG2huVRa9 200
https://blockchain.info/multiaddr?active=14dqhE6XPoxkkttwwh7qTWmmSwXerWd2Ho|18KfMJBTDWUUa1h4tm58swbkvsgHNZ6d2g|18yfx86BwNK5xYKw71uaHwAxPgCGRJaqgg|1HFY12o56xbHer3oeNxC99A7SGyXaR64hs 200
https://blockchain.info/multiaddr?active=14DyjPbqe78BvAFsjY89zWZyFtFXb3EZaE|14YNpHUw3J2t6uhm2zcfQgrjVM5xR99iwE|1JrYNuMaE4VXKrod2gA9keBo6nzPvtaoZ6|1MCLTT5qAqpabSSuKnYecRt1ZQyF6aaQFe 200
https://blockchain.info/multiaddr?active=14hCK6iRXwRkmBFRKG8kiSpCSpKmqtH2qo|16CJwd1kLSAxywWMfh2kqjp2qdkgGoTaRp 200
https://blockchain.info/multiaddr?active=14QcURskVd6FnZF4gqxzsujJTuW3KPjZmG|1DQ8pzAJ4Y3MFDPR8JZNykYtxGec8VmgoR|1ERWHumZ9cBkrpzLaP5WbA4H3bZfZwWyVz 200
https://blockchain.info/multiaddr?active=14vo2jGKGemxwWKySqPKJ2kTh4MoboqAbG 200
https://blockchain.info/multiaddr?active=14YJYtoabzYjn4hT84sRYbzXJ5iSjMmPAH|1LaHiL3vTGdbXnzyQ9omsYt8nFkUafXzK4|3BGrRU4mhAkCFx1s3Z4yQLCbNg29wtBFj8 200
https://blockchain.info/multiaddr?active=15FEWz6pAjz1k2pNFtGLHddjxHq2G8LmjK 200
https://blockchain.info/multiaddr?active=15G6YvWH9hFp6BetJdVs4xgsx2wyimcHc1 200
https://blockchain.info/multiaddr?active=15Lzdg8mhQWXgNjfbEWSmc9kPnUk78eeFy 200
https://blockchain.info/multiaddr?active=15q2hGyPZim4zdP96EYjU44nPtTagWyLfc 200
https://blockchain.info/multiaddr?active=15QzHEbNZWp2w1i2mfZSx7pV5YNM4ahszB|1DGqEKZJdCd4YftWPuK5Z1HFBdeyz9RNDU|1GaVKrVT17DN4dnWbTqGB9qG3rQrk1JBe9|1HqoNfpAJFMy9E36DBSk1ktPQ9o9fn2RxX|1JHxr5sbXDoZuDsx624TmZ2MWyDdD9ag8K|1MZsTFUNMGxQxz38wWm8CtBoycW7VD5z7v 200
https://blockchain.info/multiaddr?active=15Y2TmHrxjmRFxfNUttwb9aU4DifvDpWKM|1GQf1kEFK3SmVw8AMjRcn7jX1mvrGSDTkK|1JthvnK8aoieXpx8YCAEtQwhfZSjSkdNox|1L2jriaKw39jZysdH7nhe6eMSLSPNHvvHx|1NRn15kJnVRrptTSQJJnMD9KJcWkVFh1Gv 200
https://blockchain.info/multiaddr?active=15zW6hRpafLKzRiEEFbVbQqMUXByUMbdD2|1HyasSC2VifTZo7YkUNn33udnWXw3Ffq7T 200
https://blockchain.info/multiaddr?active=16hhyeg7WMh4Go7JqNKRwmD95bRd4aenwz|1J9PMCpbrnicZoBUdyuNBwi4QvXwq6Korq|1KGusS7xB9hnqZQdCZ1G8Tno16RfTS95ey|1KPPqHpd8Z9S6pQH1qVovzyejyfDMghp4u|1Lhgda4K77rFMTkgBKqmsdinDNYYVbLDJN|1PGAUBqHNcwSHYKnpHgzCrPkyxNxvsmEof 200
https://blockchain.info/multiaddr?active=16jvWspVfvhjRgJhGCDETf29cjQAyNmx9G|1Dj9YnMiciNgaKuyzKynygu7nB21tvV6QD|1JKVwmeokitMHAFxCUeC4yrd8pdWxDAjZW 200
https://blockchain.info/multiaddr?active=16nQiJ3FQq1hsLK5xHiW51HZMskbgZXVbF 200
https://blockchain.info/multiaddr?active=16NSZ676WBVw4t8Gkq5f8hcc3gbk68j3c9 200
https://blockchain.info/multiaddr?active=16Vs1Z2yrYBM49GpipN3yz1WaMSYS8xm16 200
https://blockchain.info/multiaddr?active=16vS5fxGPEDLWhQy5epnGbSEQ5b7eaaQm7 200
https://blockchain.info/multiaddr?active=175j5WsfwmjoXV91ZzRjWnyELYPFtmPyz5 200
https://blockchain.info/multiaddr?active=178HGmCfR26dSSiFxJQah1U588p2CjgX7f|1FYX1wbPnt1hxDbePsDGb5dtNdBkm6shTf|1G1KrBfC4ZQKPTBjqKtSNMjwoQVQK1By12 200
https://blockchain.info/multiaddr?active=17Avc5GfDEzMeos71G2ftfpvfnvjkL2oo7 200
https://blockchain.info/multiaddr?active=17FSkXDULjtK6R9G3cpwmLMYbWRZJ9c8vZ 200
https://blockchain.info/multiaddr?active=17GhezAiRhgB8DGArZXBkrZBFTGCC9SQ2Z|1GxXGMoz7HAVwRDZd7ezkKipY4DHLUqzmM 200
https://blockchain.info/multiaddr?active=17XajwHHeWbfKfNwn57sHRMAEXxvQUUGNd 200
https://blockchain.info/multiaddr?active=17xV74Hp2zNR74yG3AJvPpNMchPJHm2iUo|1BAdEKq6zE1JDL8g2pA1MDRHbW1wvYCWhT|1CwCMCS6GUJuz45x1LrqPWAuE41cMK7FtQ|1MGnopAa6MAGjUpCEmRiSAcVKZNB6n8gnR 200
https://blockchain.info/multiaddr?active=17yKCVNb7EQQpr5ABKGcVpGSPVWFTxhReR 200
https://blockchain.info/multiaddr?active=185VukzLfaux8Qce4tF9ucWiXzyx32ad7J 200
https://blockchain.info/multiaddr?active=18AVPLKGBamXtGpdT3kP2b5Dv3iBUDpjKv 200
https://blockchain.info/multiaddr?active=18be8GM6WFYYyQjRjbY8ptvHZXZHYQ7uos 200
https://blockchain.info/multiaddr?active=18e372GNwjGG5SYeHucuD1yLEWh7a6dWf1 200
https://blockchain.info/multiaddr?active=18Md4neA2kE3fkB46FDpyxLUEZvQeUjt4M 200
https://blockchain.info/multiaddr?active=192ZobzfZxAkacLGmg9oY4M9y8MVTPxh7U 200
https://blockchain.info/multiaddr?active=199TZdEdU7JYK1aMXARaiPKhkARWKn31j1 200
https://blockchain.info/multiaddr?active=19CMTC6U9KMHAn34iKXvofkA2u1NMcd823 200
https://blockchain.info/multiaddr?active=19DbpPPahyjVupryKZerpWZ2LG57JqYcgC 200
https://blockchain.info/multiaddr?active=19EYGvwUgPvBmo3gXH9JpXe2YiT4cDk8d7 200
https://blockchain.info/multiaddr?active=19fhNi9L2aYXTaTFWueRhJYGsGDaN6WGcP 200
https://blockchain.info/multiaddr?active=19hTbgjgWfYRqc8tuLdn454kMexHqTx1xE 200
https://blockchain.info/multiaddr?active=19VDobG8akrbtM3VRJAGREJbKqxKB3WvM2 200
https://blockchain.info/multiaddr?active=1AbwLtv7JTtbLmj8LrGq7TzCdkD4ZNET5C 200
https://blockchain.info/multiaddr?active=1AHhnEDuHS1AFkSdcq3nQRZEPHs1QECAtv 200
https://blockchain.info/multiaddr?active=1AnU9WMZDDx9zExE9mAG77YTjeg3QtCTrb|1LwJ8xNfq4xxnKYmyex4XWDwNp25HMUSRj 200
https://blockchain.info/multiaddr?active=1AoNMLZfhw7cbMCKAhaKHiveMdwFyVUGeA 200
https://blockchain.info/multiaddr?active=1AQrj5jBcRaA35nvmuySb8xYkmXsGC65Rc 200
https://blockchain.info/multiaddr?active=1AwpzNSn4ZkWf4pSCtzZ16ungkEqea93tr 200
https://blockchain.info/multiaddr?active=1BkR8zL6jAn8zcF4t6FM85DYLFG1dZ12ip 200
https://blockchain.info/multiaddr?active=1BQZKqdp2CV3QV5nUEsqSg1ygegLmqRygj 200
https://blockchain.info/multiaddr?active=1BtHjiQHKG2zNdnrPmji7FatUDqWnf3nxb|1FTgiZwhTJ1HY4gmvieio88UAfBxQtVDNj|1Gra1DcSWUgFsiUtMCHJe6mnwKApWo4V7c 200
https://blockchain.info/multiaddr?active=1BWj247jtipKr1wuFciKypeidZVwZWHCi9 200
https://blockchain.info/multiaddr?active=1By1QF7dy9x1EDBdaqvMVzw47Z4JZhocVh|1G5tfypKqHGDs8WsYe1HR5JxiwffRzUUas|1Ptza47PgMtFMA6fZpLNzacb1EPkWDAv6n 200
https://blockchain.info/multiaddr?active=1C25YQEAMFJAj2TaUkxGhgvwicKzWhXDQy 200
https://blockchain.info/multiaddr?active=1CdW4EdRUeXf6ydy4HfZ4gDiWcxb9QnXxb 200
https://blockchain.info/multiaddr?active=1cimKyzS64PRNEiG89iFU3qzckVuEQuUj 200
https://blockchain.info/multiaddr?active=1CvcvetHZ81V8itkDtF8iRpLfPp7Zz8UER|1HxKouDDK9WbkizMEnf23tftHSefWhUyXR 200
https://blockchain.info/multiaddr?active=1DGMeKSALSkYGkedYDUgcvV8mP77WEGusQ 200
https://blockchain.info/multiaddr?active=1DpYkoLa8wsadwgHs4ctkZMA83qMKHw5zD 200
https://blockchain.info/multiaddr?active=1DRAsxW4cKAD1BCS9m2dutduHi3FKqQnZF|1HvEZ1jZ7BWgBYPxqCvWtKja3a9hsNa9Eh 200
https://blockchain.info/multiaddr?active=1EavShz7fUxkeVx6PSk2Lb1h6ijtBkvnv2|1EXwemM1ijWGkEJ1v4kSUvo3f3VUP4SCd4 200
https://blockchain.info/multiaddr?active=1Emhk1iJhcVTxPEWu4vqwPyUjXqz33So3F 200
https://blockchain.info/multiaddr?active=1EmLLj8peW292zR2VvumYPPa9wLcK4CPK1 200
https://blockchain.info/multiaddr?active=1EZrvz1kL7SqfemkH3P1VMtomYZbfhznkb 200
https://blockchain.info/multiaddr?active=1FgKWr32pRUwfSSBGTKZohSNV7Euyj5Pjg 200
https://blockchain.info/multiaddr?active=1FMvaobyrMNzVqeabC4hPumpbG1iGHo7m5 200
https://blockchain.info/multiaddr?active=1Ftixp78FjTWFi3ssJjBw5NqKf5ZPQjXBb|1Mz7153HMuxXTuR2R1t78mGSdzaAtNbBWX 200
https://blockchain.info/multiaddr?active=1FVGnjjRNg8k7RgXMsvQpVdeRyJtHsXV6T 200
https://blockchain.info/multiaddr?active=1Gj29YmtgwhnxWMEhZ7nAgtbBfso6LXb5P 200
https://blockchain.info/multiaddr?active=1GmGBH9ra2dqA8CgRg8a8Rngx4qHb2hLDW 200
https://blockchain.info/multiaddr?active=1GRHnZddSkHdgGenKFYgH4fUc6JoomRuCN 200
https://blockchain.info/multiaddr?active=1GU18zL2P7Y5bq8EPFBSo2tnvCd9ZEBi3E 200
https://blockchain.info/multiaddr?active=1GZ4Af1K4uBkEadPzsUzMrazzYWbrPViVX 200
https://blockchain.info/multiaddr?active=1Gz5ocfBJkyBFaxPs16SNYHKXd2Ujb5fv9 200
https://blockchain.info/multiaddr?active=1GZCw453MzQr8V2VAgJpRmKBYRDUJ8kzco 200
https://blockchain.info/multiaddr?active=1HceWtheh1yfeCN85GfXG84hYJjDz1JPsQ 200
https://blockchain.info/multiaddr?active=1HpVz6uSgVjQxzJCeGgwYTbNAaD9tByR4u 200
https://blockchain.info/multiaddr?active=1Hr1grgH9ViEgUx73iRRJLVKH3PFjUteNx 200
https://blockchain.info/multiaddr?active=1HssDyDTZj1hVdwhdpF49wLKLPQoCRJB9T 200
https://blockchain.info/multiaddr?active=1J6X2LzDrLyR9EoEDVJzogwW5esq5DyHRB 200
https://blockchain.info/multiaddr?active=1J8fviYFZ4Kaz3CCnSos5zbMtPUX9PwpGd 200
https://blockchain.info/multiaddr?active=1JbXbg4ovQLaMkMUykpNowoionnhgiE5Zm 200
https://blockchain.info/multiaddr?active=1Jj129L3SYjMs9X2F9xMSYZicCPbKrAZmC 200
https://blockchain.info/multiaddr?active=1JK1gnn4KEQRf8n7pHZiNvmV8WXTfq7kVa 200
https://blockchain.info/multiaddr?active=1JSHVxXnGDydVXVamFW9AEmk3vk8cF8Vuj 200
https://blockchain.info/multiaddr?active=1JXum7vGYaUeWZadJrZHGE4tnAQZm8esd3 200
https://blockchain.info/multiaddr?active=1KCqVgHEXMw8mhSuz1LWmPSNskARRivY57 200
https://blockchain.info/multiaddr?active=1KELNpR9ECN46QaNGxPhoJDL4iqaa7Hgch 200
https://blockchain.info/multiaddr?active=1KpP1YGGxPHKTLgET82JBngcsBuifp3noW 200
https://blockchain.info/multiaddr?active=1LEiPgvh6S9VEXWV2dZTytSRd7e9B1bWt3 200
https://blockchain.info/multiaddr?active=1LSgvYFY7SDNje2Mhsm51FxhqPsbvXEhpE 200
https://blockchain.info/multiaddr?active=1Lud76Q98VRHCUiyK7XUs7AgFofrqXeP78 200
https://blockchain.info/multiaddr?active=1LXhpinYWzF73hUyDvxApkChq2QfZhm6GA 200
https://blockchain.info/multiaddr?active=1LYFaPgwCFBnn5BQsSxRmEZ94nKj7tDDVA 200
https://blockchain.info/multiaddr?active=1MfVk1utxgvGjMFV3K3CzXsDRDZznj5tey 200
https://blockchain.info/multiaddr?active=1MJodDvhmNG9ocRhhwvBzkGmttXP9ow7e2 200
https://blockchain.info/multiaddr?active=1N82pq3XovKoJYqUmTrRiXftpNHZyu4jyv 200
https://blockchain.info/multiaddr?active=1NEcE8ffNZqAucBtp42a5YXMMUSLY7YfEP 200
https://blockchain.info/multiaddr?active=1NLLrung1MaXucHpAzY5KjdK4y8woodJWt 200
https://blockchain.info/multiaddr?active=1NLnMNMPbxWeMJVtGuobnzWU3WozYz86Bf 200
https://blockchain.info/multiaddr?active=1NuLLtgCmigRb5mXeFgsGDFnVLypLC4a8Y 200
https://blockchain.info/multiaddr?active=1NZopt9YGRuCP6XDDVSE4g468Jv3XEmWBH 200
https://blockchain.info/multiaddr?active=1P1mif9TmupJwvPXP2Bobrfe4vqabKwMWw|1P9DEJyyrCPi5y1bRYCZKG9QShqXcGDPwy 200
https://blockchain.info/multiaddr?active=1Pe9zG5uZFj4bGxPs98VbReXrnFayuoGf 200
https://blockchain.info/multiaddr?active=1PniPmm5kiuuAhXpBWR3QJiUtpfAAFm2SS 200
https://blockchain.info/multiaddr?active=1PswsFN2R9evGAnD6tKmtozdPqSbZSsgoK 200
https://blockchain.info/multiaddr?active=1Q1FJJyFdLwPt5yyZAQ8kfxfeWq8eoD25E 200
https://blockchain.info/multiaddr?active=1Q6bdWz5pKLFxNTqqcD9kULhMCdeuU1L2Y 200
https://blockchain.info/multiaddr?active=1Q8bF8MgLpZkcmHXPSFjjdpDfGMPVTHjSn|3JS2r9WdhaznNYQFjyepZiwcvhpkGiKTC1 200
https://blockchain.info/multiaddr?active=1Q94RXqr5WzyNh9Jn3YLDGeBoJhxJBigcF 200
https://blockchain.info/multiaddr?active=1QBrNs96QUFXaU22SJh77RSVQkdqyxwBDb 200
https://blockchain.info/multiaddr?active=1v9UCfygQf3toN1vA5xyr7LhKmv9QWcwZ 200
https://blockchain.info/multiaddr?active=1VirusnmipsYSA5jMv8NKstL8FkVjNB9o 200
https://blockchain.info/multiaddr?active=36Bz7B1gsc1WdBf7tnRNbKUGiQjQ2qHGoo 200
https://blockchain.info/multiaddr?active=36Kz2AEorWmHeizGtp1y5Vbe4GE6TNEdoJ 200
https://blockchain.info/multiaddr?active=36QLSBTuBvK5rKD6PsM9tTFaacrjHCSNGd 200
https://blockchain.info/multiaddr?active=377CY1m8W2qbQQX5HHjziimdh2faGjDeLv 200
https://blockchain.info/multiaddr?active=384tBU3patfZCpACz47A1XANRTLA3Uwvsa 200
https://blockchain.info/multiaddr?active=3DCDMVDFobBg55v3w5LTt4mzhVPm5WV2FP 200
https://blockchain.info/multiaddr?active=3JuU6UkwcYVGjHgxZnwpC8H3oE87DSSEDN 200
gathering stats for 360 wallets in donation category
grouping wallets using criteria 'received'
gathering stats for 34 wallets in popular category
grouping wallets using criteria 'received'
gathering stats for 139 wallets in ransom category
grouping wallets using criteria 'received'
https://bitnodes.io/api/v1/snapshots/latest/ 200
adding stats for 9822 bitcoin nodes
drwxr-xr-x shiv shiv     4 KB Tue Aug 10 13:11:35 2021 .
drwxr-xr-x shiv shiv     4 KB Sun Aug 29 18:43:47 2021 ..
drwxr-xr-x shiv shiv     4 KB Sat Sep  4 08:01:45 2021 .git
.rw-r--r-- shiv shiv  66.4 KB Sat Sep  4 08:00:12 2021 apod.jpg
.rw-r--r-- shiv shiv   1.9 MB Sat Sep  4 08:01:34 2021 astro.json
.rw-r--r-- shiv shiv   180 KB Wed May 26 18:00:30 2021 b1674191a88ec5cdd733e4240a81803105dc412d6c6708d53ab94fc248f4f553.pdf
.rw-r--r-- shiv shiv   6.7 MB Sat Sep  4 08:08:45 2021 bitcoin.json
.rw-r--r-- shiv shiv   1.8 KB Fri Jul  9 09:04:08 2021 Bitcoin_evergreen.png
.rw-r--r-- shiv shiv 135.2 KB Tue Aug 10 12:23:24 2021 btctxsmon.json
.rw-r--r-- shiv shiv 242.8 KB Sat Sep  4 08:00:58 2021 dscovr_epic.jpg
.rw-r--r-- shiv shiv 517.7 KB Sun Jun 27 13:47:12 2021 e4e7a32bfd5946d972b5078dcbc540117252e244cbb408ee53b98bbd7b73098e.pdf
.rw-r--r-- shiv shiv   3.1 MB Tue Jun  8 08:05:35 2021 earthview_hstack.gif
.rw-r--r-- shiv shiv  29.1 MB Tue Jun  8 08:05:28 2021 earthview_vstack.gif
.rw-r--r-- shiv shiv  29.1 KB Sat Sep  4 08:01:08 2021 elektrol.jpg
.rw-r--r-- shiv shiv 624.1 KB Sat Sep  4 08:01:01 2021 goes16.jpg
.rw-r--r-- shiv shiv 470.3 KB Sat Sep  4 08:01:02 2021 goes17.jpg
.rw-r--r-- shiv shiv  35.7 KB Sat Sep  4 08:00:59 2021 himwari8_naturalcolor.jpg
.rw-r--r-- shiv shiv 421.8 KB Sat Sep  4 08:01:00 2021 himwari8_truecolor.jpg
.rw-r--r-- shiv shiv 311.7 KB Sat Sep  4 08:01:13 2021 insat_ir1.jpg
.rw-r--r-- shiv shiv   255 KB Sat Sep  4 08:01:18 2021 insat_vis.jpg
.rw-r--r-- shiv shiv  20.4 KB Wed Jun  9 00:41:06 2021 iss_dark.png
.rw-r--r-- shiv shiv  91.4 KB Wed Jun  9 00:40:11 2021 iss_light.png
drwxr-xr-x shiv shiv     4 KB Fri Jun 11 09:24:56 2021 maps
.rw-r--r-- shiv shiv 237.1 KB Sat Sep  4 08:01:04 2021 meteosat0.jpg
.rw-r--r-- shiv shiv 191.2 KB Sat Sep  4 08:01:07 2021 meteosat415.jpg
.rw-r--r-- shiv shiv 162.2 KB Sat Sep  4 08:01:22 2021 sdo_0171.jpg
.rw-r--r-- shiv shiv   213 KB Sat Sep  4 08:01:26 2021 sdo_0304.jpg
.rw-r--r-- shiv shiv 278.1 KB Sat Sep  4 08:01:30 2021 sdo_hmid.jpg
.rw-r--r-- shiv shiv 233.3 KB Sat Sep  4 08:01:34 2021 sdo_hmiic.jpg
.rw-r--r-- shiv shiv   3.3 KB Mon Jul 26 17:12:43 2021 tools.yml
On branch master
Your branch is up to date with 'github/master'.

Changes not staged for commit:
  (use "git add <file>..." to update what will be committed)
  (use "git restore <file>..." to discard changes in working directory)
	modified:   bitcoin.json

no changes added to commit (use "git add" and/or "git commit -a")
[master f5a3ca4b]    \_()_/
 1 file changed, 67521 insertions(+), 59762 deletions(-)
To github.com:7h3rAm/datastore.git
   f4069b19..f5a3ca4b  master -> master
Branch 'master' set up to track remote branch 'master' from 'github'.
bitcoin - last_update: "04/Sep/2021 @ 08:08:45 PDT"
